This is pdfTeX, Version 3.1415926-2.5-1.40.14 (MiKTeX 2.9) (preloaded format=pdflatex 2014.1.19)  24 JUN 2014 09:04
entering extended mode
**Control_1.tex
(D:\Skripte_Vorlesung_2014_06_18\Tikz\Control_1.tex
LaTeX2e <2011/06/27>
Babel <v3.8m> and hyphenation patterns for english, afrikaans, ancientgreek, arabic, armenian, assamese, basque, bengali
, bokmal, bulgarian, catalan, coptic, croatian, czech, danish, dutch, esperanto, estonian, farsi, finnish, french, galic
ian, german, german-x-2013-05-26, greek, gujarati, hindi, hungarian, icelandic, indonesian, interlingua, irish, italian,
 kannada, kurmanji, latin, latvian, lithuanian, malayalam, marathi, mongolian, mongolianlmc, monogreek, ngerman, ngerman
-x-2013-05-26, nynorsk, oriya, panjabi, pinyin, polish, portuguese, romanian, russian, sanskrit, serbian, slovak, sloven
ian, spanish, swedish, swissgerman, tamil, telugu, turkish, turkmen, ukenglish, ukrainian, uppersorbian, usenglishmax, w
elsh, loaded.
("C:\Programme\MiKTeX 2.9\tex\latex\base\article.cls"
Document Class: article 2007/10/19 v1.4h Standard LaTeX document class
("C:\Programme\MiKTeX 2.9\tex\latex\base\size10.clo"
File: size10.clo 2007/10/19 v1.4h Standard LaTeX file (size option)
)
\c@part=\count79
\c@section=\count80
\c@subsection=\count81
\c@subsubsection=\count82
\c@paragraph=\count83
\c@subparagraph=\count84
\c@figure=\count85
\c@table=\count86
\abovecaptionskip=\skip41
\belowcaptionskip=\skip42
\bibindent=\dimen102
)
("C:\Dokumente und Einstellungen\Peter\Anwendungsdaten\MiKTeX\2.9\tex\latex\siunitx\siunitx.sty"
("C:\Dokumente und Einstellungen\Peter\Anwendungsdaten\MiKTeX\2.9\tex\latex\l3kernel\expl3.sty"
("C:\Dokumente und Einstellungen\Peter\Anwendungsdaten\MiKTeX\2.9\tex\latex\l3kernel\l3names.sty"
("C:\Dokumente und Einstellungen\Peter\Anwendungsdaten\MiKTeX\2.9\tex\latex\l3kernel\l3bootstrap.sty"
Package: l3bootstrap 2014/01/04 v4640 L3 Experimental bootstrap code
)
Package: l3names 2014/01/04 v4640 L3 Namespace for primitives
)
("C:\Programme\MiKTeX 2.9\tex\latex\misc\etex.sty"
Package: etex 1998/03/26 v2.0 eTeX basic definition package (PEB)
\et@xins=\count87
)
Package: expl3 2014/01/07 v4646 L3 Experimental code bundle wrapper

("C:\Dokumente und Einstellungen\Peter\Anwendungsdaten\MiKTeX\2.9\tex\latex\l3kernel\l3basics.sty"
Package: l3basics 2014/01/04 v4642 L3 Basic definitions
)
("C:\Dokumente und Einstellungen\Peter\Anwendungsdaten\MiKTeX\2.9\tex\latex\l3kernel\l3expan.sty"
Package: l3expan 2014/01/04 v4642 L3 Argument expansion
)
("C:\Dokumente und Einstellungen\Peter\Anwendungsdaten\MiKTeX\2.9\tex\latex\l3kernel\l3tl.sty"
Package: l3tl 2013/12/27 v4625 L3 Token lists
)
("C:\Dokumente und Einstellungen\Peter\Anwendungsdaten\MiKTeX\2.9\tex\latex\l3kernel\l3seq.sty"
Package: l3seq 2013/12/14 v4623 L3 Sequences and stacks
)
("C:\Dokumente und Einstellungen\Peter\Anwendungsdaten\MiKTeX\2.9\tex\latex\l3kernel\l3int.sty"
Package: l3int 2013/08/02 v4583 L3 Integers
\c_max_int=\count88
\l_tmpa_int=\count89
\l_tmpb_int=\count90
\g_tmpa_int=\count91
\g_tmpb_int=\count92
)
("C:\Dokumente und Einstellungen\Peter\Anwendungsdaten\MiKTeX\2.9\tex\latex\l3kernel\l3quark.sty"
Package: l3quark 2013/12/14 v4623 L3 Quarks
)
("C:\Dokumente und Einstellungen\Peter\Anwendungsdaten\MiKTeX\2.9\tex\latex\l3kernel\l3prg.sty"
Package: l3prg 2014/01/04 v4642 L3 Control structures
\g__prg_map_int=\count93
)
("C:\Dokumente und Einstellungen\Peter\Anwendungsdaten\MiKTeX\2.9\tex\latex\l3kernel\l3clist.sty"
Package: l3clist 2013/07/28 v4581 L3 Comma separated lists
)
("C:\Dokumente und Einstellungen\Peter\Anwendungsdaten\MiKTeX\2.9\tex\latex\l3kernel\l3token.sty"
Package: l3token 2013/08/25 v4587 L3 Experimental token manipulation
)
("C:\Dokumente und Einstellungen\Peter\Anwendungsdaten\MiKTeX\2.9\tex\latex\l3kernel\l3prop.sty"
Package: l3prop 2013/12/14 v4623 L3 Property lists
)
("C:\Dokumente und Einstellungen\Peter\Anwendungsdaten\MiKTeX\2.9\tex\latex\l3kernel\l3msg.sty"
Package: l3msg 2013/07/28 v4581 L3 Messages
)
("C:\Dokumente und Einstellungen\Peter\Anwendungsdaten\MiKTeX\2.9\tex\latex\l3kernel\l3file.sty"
Package: l3file 2013/10/13 v4596 L3 File and I/O operations
\l_iow_line_count_int=\count94
\l__iow_target_count_int=\count95
\l__iow_current_line_int=\count96
\l__iow_current_word_int=\count97
\l__iow_current_indentation_int=\count98
)
("C:\Dokumente und Einstellungen\Peter\Anwendungsdaten\MiKTeX\2.9\tex\latex\l3kernel\l3skip.sty"
Package: l3skip 2013/07/28 v4581 L3 Dimensions and skips
\c_zero_dim=\dimen103
\c_max_dim=\dimen104
\l_tmpa_dim=\dimen105
\l_tmpb_dim=\dimen106
\g_tmpa_dim=\dimen107
\g_tmpb_dim=\dimen108
\c_zero_skip=\skip43
\c_max_skip=\skip44
\l_tmpa_skip=\skip45
\l_tmpb_skip=\skip46
\g_tmpa_skip=\skip47
\g_tmpb_skip=\skip48
\c_zero_muskip=\muskip10
\c_max_muskip=\muskip11
\l_tmpa_muskip=\muskip12
\l_tmpb_muskip=\muskip13
\g_tmpa_muskip=\muskip14
\g_tmpb_muskip=\muskip15
)
("C:\Dokumente und Einstellungen\Peter\Anwendungsdaten\MiKTeX\2.9\tex\latex\l3kernel\l3keys.sty"
Package: l3keys 2013/12/08 v4614 L3 Experimental key-value interfaces
\g__keyval_level_int=\count99
\l_keys_choice_int=\count100
)
("C:\Dokumente und Einstellungen\Peter\Anwendungsdaten\MiKTeX\2.9\tex\latex\l3kernel\l3fp.sty"
Package: l3fp 2014/01/04 v4642 L3 Floating points
\c__fp_leading_shift_int=\count101
\c__fp_middle_shift_int=\count102
\c__fp_trailing_shift_int=\count103
\c__fp_big_leading_shift_int=\count104
\c__fp_big_middle_shift_int=\count105
\c__fp_big_trailing_shift_int=\count106
\c__fp_Bigg_leading_shift_int=\count107
\c__fp_Bigg_middle_shift_int=\count108
\c__fp_Bigg_trailing_shift_int=\count109
)
("C:\Dokumente und Einstellungen\Peter\Anwendungsdaten\MiKTeX\2.9\tex\latex\l3kernel\l3box.sty"
Package: l3box 2013/07/28 v4581 L3 Experimental boxes
\c_empty_box=\box26
\l_tmpa_box=\box27
\l_tmpb_box=\box28
\g_tmpa_box=\box29
\g_tmpb_box=\box30
)
("C:\Dokumente und Einstellungen\Peter\Anwendungsdaten\MiKTeX\2.9\tex\latex\l3kernel\l3coffins.sty"
Package: l3coffins 2013/12/14 v4624 L3 Coffin code layer
\l__coffin_internal_box=\box31
\l__coffin_internal_dim=\dimen109
\l__coffin_offset_x_dim=\dimen110
\l__coffin_offset_y_dim=\dimen111
\l__coffin_x_dim=\dimen112
\l__coffin_y_dim=\dimen113
\l__coffin_x_prime_dim=\dimen114
\l__coffin_y_prime_dim=\dimen115
\c_empty_coffin=\box32
\l__coffin_aligned_coffin=\box33
\l__coffin_aligned_internal_coffin=\box34
\l_tmpa_coffin=\box35
\l_tmpb_coffin=\box36
\l__coffin_display_coffin=\box37
\l__coffin_display_coord_coffin=\box38
\l__coffin_display_pole_coffin=\box39
\l__coffin_display_offset_dim=\dimen116
\l__coffin_display_x_dim=\dimen117
\l__coffin_display_y_dim=\dimen118
)
("C:\Dokumente und Einstellungen\Peter\Anwendungsdaten\MiKTeX\2.9\tex\latex\l3kernel\l3color.sty"
Package: l3color 2012/08/29 v4156 L3 Experimental color support
)
("C:\Dokumente und Einstellungen\Peter\Anwendungsdaten\MiKTeX\2.9\tex\latex\l3kernel\l3luatex.sty"
Package: l3luatex 2013/07/28 v4581 L3 Experimental LuaTeX-specific functions
\g__cctab_allocate_int=\count110
\g__cctab_stack_int=\count111
)
("C:\Dokumente und Einstellungen\Peter\Anwendungsdaten\MiKTeX\2.9\tex\latex\l3kernel\l3candidates.sty"
Package: l3candidates 2014/01/06 v4643 L3 Experimental additions to l3kernel
\l__box_top_dim=\dimen119
\l__box_bottom_dim=\dimen120
\l__box_left_dim=\dimen121
\l__box_right_dim=\dimen122
\l__box_top_new_dim=\dimen123
\l__box_bottom_new_dim=\dimen124
\l__box_left_new_dim=\dimen125
\l__box_right_new_dim=\dimen126
\l__box_internal_box=\box40
\l__coffin_bounding_shift_dim=\dimen127
\l__coffin_left_corner_dim=\dimen128
\l__coffin_right_corner_dim=\dimen129
\l__coffin_bottom_corner_dim=\dimen130
\l__coffin_top_corner_dim=\dimen131
\l__coffin_scaled_total_height_dim=\dimen132
\l__coffin_scaled_width_dim=\dimen133
)
("C:\Programme\MiKTeX 2.9\tex\generic\oberdiek\ifpdf.sty"
Package: ifpdf 2011/01/30 v2.3 Provides the ifpdf switch (HO)
Package ifpdf Info: pdfTeX in PDF mode is detected.
))
("C:\Dokumente und Einstellungen\Peter\Anwendungsdaten\MiKTeX\2.9\tex\latex\l3packages\xparse\xparse.sty"
Package: xparse 2013/12/31 v4634 L3 Experimental document command parser
\l__xparse_current_arg_int=\count112
\l__xparse_m_args_int=\count113
\l__xparse_mandatory_args_int=\count114
\l__xparse_processor_int=\count115
\l__xparse_v_nesting_int=\count116
)
Package: siunitx 2013/07/31 v2.5s A comprehensive (SI) units package

("C:\Programme\MiKTeX 2.9\tex\latex\amsmath\amstext.sty"
Package: amstext 2000/06/29 v2.01
 ("C:\Programme\MiKTeX 2.9\tex\latex\amsmath\amsgen.sty"
File: amsgen.sty 1999/11/30 v2.0
\@emptytoks=\toks14
\ex@=\dimen134
))
("C:\Programme\MiKTeX 2.9\tex\latex\tools\array.sty"
Package: array 2008/09/09 v2.4c Tabular extension package (FMi)
\col@sep=\dimen135
\extrarowheight=\dimen136
\NC@list=\toks15
\extratabsurround=\skip49
\backup@length=\skip50
)
("C:\Dokumente und Einstellungen\Peter\Anwendungsdaten\MiKTeX\2.9\tex\latex\l3packages\l3keys2e\l3keys2e.sty"
Package: l3keys2e 2013/12/31 v4634 LaTeX2e option processing using LaTeX3 keys
)
Variant \tl_if_blank:VTF already defined; not changing it on line 50
\l__siunitx_tmp_box=\box41
\l__siunitx_tmp_dim=\dimen137
\l__siunitx_tmp_int=\count117
Variant \prop_get:NVNT already defined; not changing it on line 371
Variant \prop_get:NVNF already defined; not changing it on line 372
Variant \prop_get:NVNTF already defined; not changing it on line 373
\l__siunitx_number_mantissa_length_int=\count118
\l__siunitx_number_uncert_length_int=\count119
\l__siunitx_round_int=\count120
\l__siunitx_process_decimal_int=\count121
\l__siunitx_process_uncertainty_int=\count122
\l__siunitx_process_fixed_int=\count123
\l__siunitx_process_integer_min_int=\count124
\l__siunitx_process_precision_int=\count125
\l__siunitx_group_min_int=\count126
\l__siunitx_angle_marker_box=\box42
\l__siunitx_angle_unit_box=\box43
\l__siunitx_angle_marker_dim=\dimen138
\l__siunitx_angle_unit_dim=\dimen139
\l__siunitx_unit_int=\count127
\l__siunitx_unit_denominator_int=\count128
\l__siunitx_unit_numerator_int=\count129
\l__siunitx_unit_prefix_int=\count130
\l__siunitx_unit_prefix_base_int=\count131
\l__siunitx_unit_prefix_gram_int=\count132
\l__siunitx_number_product_int=\count133
\c__siunitx_one_fill_skip=\skip51
\l__siunitx_table_unit_align_skip=\skip52
\l__siunitx_table_exponent_dim=\dimen140
\l__siunitx_table_integer_dim=\dimen141
\l__siunitx_table_mantissa_dim=\dimen142
\l__siunitx_table_marker_dim=\dimen143
\l__siunitx_table_result_dim=\dimen144
\l__siunitx_table_uncert_dim=\dimen145
\l__siunitx_table_fill_pre_dim=\dimen146
\l__siunitx_table_fill_post_dim=\dimen147
\l__siunitx_table_fill_mid_dim=\dimen148
\l__siunitx_table_pre_box=\box44
\l__siunitx_table_post_box=\box45
\l__siunitx_table_mantissa_box=\box46
\l__siunitx_table_result_box=\box47
\l__siunitx_table_number_align_skip=\skip53
\l__siunitx_table_text_align_skip=\skip54
.................................................
. LaTeX info: "xparse/define-command"
. 
. Defining document command \DeclareBinaryPrefix with arg. spec. 'mmm' on line
. 7101.
.................................................
.................................................
. LaTeX info: "xparse/define-command"
. 
. Defining document command \DeclareSIPostPower with arg. spec. 'mm' on line
. 7104.
.................................................
.................................................
. LaTeX info: "xparse/define-command"
. 
. Defining document command \DeclareSIPrefix with arg. spec. 'mmm' on line
. 7107.
.................................................
.................................................
. LaTeX info: "xparse/define-command"
. 
. Defining document command \DeclareSIPrePower with arg. spec. 'mm' on line
. 7110.
.................................................
.................................................
. LaTeX info: "xparse/define-command"
. 
. Defining document command \DeclareSIQualifier with arg. spec. 'mm' on line
. 7113.
.................................................
.................................................
. LaTeX info: "xparse/define-command"
. 
. Defining document command \DeclareSIUnit with arg. spec. 'O{}mm' on line
. 7116.
.................................................
.................................................
. LaTeX info: "xparse/define-command"
. 
. Defining document command \DeclareSIUnitWithOptions with arg. spec. 'mmm' on
. line 7119.
.................................................
.................................................
. LaTeX info: "xparse/define-command"
. 
. Defining document command \ang with arg. spec. 'o>{\SplitArgument {2}{;}}m'
. on line 7134.
.................................................
.................................................
. LaTeX info: "xparse/define-command"
. 
. Defining document command \num with arg. spec. 'om' on line 7142.
.................................................
.................................................
. LaTeX info: "xparse/define-command"
. 
. Defining document command \numlist with arg. spec. 'o>{\SplitList {;}}m' on
. line 7150.
.................................................
.................................................
. LaTeX info: "xparse/define-command"
. 
. Defining document command \numrange with arg. spec. 'omm' on line 7158.
.................................................
.................................................
. LaTeX info: "xparse/define-command"
. 
. Defining document command \SIlist with arg. spec. 'o>{\SplitList {;}}mm' on
. line 7169.
.................................................
.................................................
. LaTeX info: "xparse/define-command"
. 
. Defining document command \SIrange with arg. spec. 'ommm' on line 7180.
.................................................
.................................................
. LaTeX info: "xparse/define-command"
. 
. Defining document command \SI with arg. spec. 'omom' on line 7191.
.................................................
.................................................
. LaTeX info: "xparse/define-command"
. 
. Defining document command \sisetup with arg. spec. 'm' on line 7194.
.................................................
.................................................
. LaTeX info: "xparse/define-command"
. 
. Defining document command \tablenum with arg. spec. 'om' on line 7206.
.................................................
.................................................
. LaTeX info: "xparse/define-command"
. 
. Defining document command \si with arg. spec. 'om' on line 7217.
.................................................
.................................................
. LaTeX info: "xparse/define-command"
. 
. Defining document command \__siunitx_bookmark_num:w with arg. spec. 'om' on
. line 7262.
.................................................
.................................................
. LaTeX info: "xparse/define-command"
. 
. Defining document command \__siunitx_bookmark_numrange:w with arg. spec.
. 'omm' on line 7264.
.................................................
.................................................
. LaTeX info: "xparse/define-command"
. 
. Defining document command \__siunitx_bookmark_SI:w with arg. spec. 'omom' on
. line 7266.
.................................................
.................................................
. LaTeX info: "xparse/define-command"
. 
. Defining document command \__siunitx_bookmark_SIlist:w with arg. spec. 'omm'
. on line 7268.
.................................................
.................................................
. LaTeX info: "xparse/define-command"
. 
. Defining document command \__siunitx_bookmark_SIrange:w with arg. spec.
. 'ommm' on line 7270.
.................................................
.................................................
. LaTeX info: "xparse/define-command"
. 
. Defining document command \__siunitx_bookmark_si:w with arg. spec. 'om' on
. line 7271.
.................................................
\g__file_internal_ior=\read1

("C:\Dokumente und Einstellungen\Peter\Anwendungsdaten\MiKTeX\2.9\tex\latex\beamer\base\translator\translator.sty"
Package: translator 2010/06/12 ver 1.10

("C:\Programme\MiKTeX 2.9\tex\latex\graphics\keyval.sty"
Package: keyval 1999/03/16 v1.13 key=value parser (DPC)
\KV@toks@=\toks16
)
("C:\Dokumente und Einstellungen\Peter\Anwendungsdaten\MiKTeX\2.9\tex\latex\beamer\base\translator\translator-language-m
appings.tex"))) ("C:\Dokumente und Einstellungen\Peter\Anwendungsdaten\MiKTeX\2.9\tex\latex\pgf\frontendlayer\tikz.sty"
("C:\Dokumente und Einstellungen\Peter\Anwendungsdaten\MiKTeX\2.9\tex\latex\pgf\basiclayer\pgf.sty"
("C:\Dokumente und Einstellungen\Peter\Anwendungsdaten\MiKTeX\2.9\tex\latex\pgf\utilities\pgfrcs.sty"
("C:\Dokumente und Einstellungen\Peter\Anwendungsdaten\MiKTeX\2.9\tex\generic\pgf\utilities\pgfutil-common.tex"
\pgfutil@everybye=\toks17
)
("C:\Dokumente und Einstellungen\Peter\Anwendungsdaten\MiKTeX\2.9\tex\generic\pgf\utilities\pgfutil-latex.def"
\pgfutil@abb=\box48

("C:\Dokumente und Einstellungen\Peter\Anwendungsdaten\MiKTeX\2.9\tex\latex\ms\everyshi.sty"
Package: everyshi 2001/05/15 v3.00 EveryShipout Package (MS)
))
("C:\Dokumente und Einstellungen\Peter\Anwendungsdaten\MiKTeX\2.9\tex\generic\pgf\utilities\pgfrcs.code.tex"
Package: pgfrcs 2010/10/25 v2.10 (rcs-revision 1.24)
))
Package: pgf 2008/01/15 v2.10 (rcs-revision 1.12)

("C:\Dokumente und Einstellungen\Peter\Anwendungsdaten\MiKTeX\2.9\tex\latex\pgf\basiclayer\pgfcore.sty"
("C:\Programme\MiKTeX 2.9\tex\latex\graphics\graphicx.sty"
Package: graphicx 1999/02/16 v1.0f Enhanced LaTeX Graphics (DPC,SPQR)
 ("C:\Programme\MiKTeX 2.9\tex\latex\graphics\graphics.sty"
Package: graphics 2009/02/05 v1.0o Standard LaTeX Graphics (DPC,SPQR)

("C:\Programme\MiKTeX 2.9\tex\latex\graphics\trig.sty"
Package: trig 1999/03/16 v1.09 sin cos tan (DPC)
) ("C:\Programme\MiKTeX 2.9\tex\latex\00miktex\graphics.cfg"
File: graphics.cfg 2007/01/18 v1.5 graphics configuration of teTeX/TeXLive
)
Package graphics Info: Driver file: pdftex.def on input line 91.

("C:\Programme\MiKTeX 2.9\tex\latex\pdftex-def\pdftex.def"
File: pdftex.def 2011/05/27 v0.06d Graphics/color for pdfTeX
 ("C:\Programme\MiKTeX 2.9\tex\generic\oberdiek\infwarerr.sty"
Package: infwarerr 2010/04/08 v1.3 Providing info/warning/error messages (HO)
) ("C:\Programme\MiKTeX 2.9\tex\generic\oberdiek\ltxcmds.sty"
Package: ltxcmds 2011/11/09 v1.22 LaTeX kernel commands for general use (HO)
)
\Gread@gobject=\count134
))
\Gin@req@height=\dimen149
\Gin@req@width=\dimen150
)
("C:\Dokumente und Einstellungen\Peter\Anwendungsdaten\MiKTeX\2.9\tex\latex\pgf\systemlayer\pgfsys.sty"
("C:\Dokumente und Einstellungen\Peter\Anwendungsdaten\MiKTeX\2.9\tex\generic\pgf\systemlayer\pgfsys.code.tex"
Package: pgfsys 2010/06/30 v2.10 (rcs-revision 1.37)

("C:\Dokumente und Einstellungen\Peter\Anwendungsdaten\MiKTeX\2.9\tex\generic\pgf\utilities\pgfkeys.code.tex"
\pgfkeys@pathtoks=\toks18
\pgfkeys@temptoks=\toks19

("C:\Dokumente und Einstellungen\Peter\Anwendungsdaten\MiKTeX\2.9\tex\generic\pgf\utilities\pgfkeysfiltered.code.tex"
\pgfkeys@tmptoks=\toks20
))
\pgf@x=\dimen151
\pgf@y=\dimen152
\pgf@xa=\dimen153
\pgf@ya=\dimen154
\pgf@xb=\dimen155
\pgf@yb=\dimen156
\pgf@xc=\dimen157
\pgf@yc=\dimen158
\w@pgf@writea=\write3
\r@pgf@reada=\read2
\c@pgf@counta=\count135
\c@pgf@countb=\count136
\c@pgf@countc=\count137
\c@pgf@countd=\count138

("C:\Dokumente und Einstellungen\Peter\Anwendungsdaten\MiKTeX\2.9\tex\generic\pgf\systemlayer\pgf.cfg"
File: pgf.cfg 2008/05/14  (rcs-revision 1.7)
)
Package pgfsys Info: Driver file for pgf: pgfsys-pdftex.def on input line 900.

("C:\Dokumente und Einstellungen\Peter\Anwendungsdaten\MiKTeX\2.9\tex\generic\pgf\systemlayer\pgfsys-pdftex.def"
File: pgfsys-pdftex.def 2009/05/22  (rcs-revision 1.26)

("C:\Dokumente und Einstellungen\Peter\Anwendungsdaten\MiKTeX\2.9\tex\generic\pgf\systemlayer\pgfsys-common-pdf.def"
File: pgfsys-common-pdf.def 2008/05/19  (rcs-revision 1.10)
)))
("C:\Dokumente und Einstellungen\Peter\Anwendungsdaten\MiKTeX\2.9\tex\generic\pgf\systemlayer\pgfsyssoftpath.code.tex"
File: pgfsyssoftpath.code.tex 2008/07/18  (rcs-revision 1.7)
\pgfsyssoftpath@smallbuffer@items=\count139
\pgfsyssoftpath@bigbuffer@items=\count140
)
("C:\Dokumente und Einstellungen\Peter\Anwendungsdaten\MiKTeX\2.9\tex\generic\pgf\systemlayer\pgfsysprotocol.code.tex"
File: pgfsysprotocol.code.tex 2006/10/16  (rcs-revision 1.4)
)) ("C:\Dokumente und Einstellungen\Peter\Anwendungsdaten\MiKTeX\2.9\tex\latex\xcolor\xcolor.sty"
Package: xcolor 2007/01/21 v2.11 LaTeX color extensions (UK)

("C:\Programme\MiKTeX 2.9\tex\latex\00miktex\color.cfg"
File: color.cfg 2007/01/18 v1.5 color configuration of teTeX/TeXLive
)
Package xcolor Info: Driver file: pdftex.def on input line 225.
Package xcolor Info: Model `cmy' substituted by `cmy0' on input line 1337.
Package xcolor Info: Model `hsb' substituted by `rgb' on input line 1341.
Package xcolor Info: Model `RGB' extended on input line 1353.
Package xcolor Info: Model `HTML' substituted by `rgb' on input line 1355.
Package xcolor Info: Model `Hsb' substituted by `hsb' on input line 1356.
Package xcolor Info: Model `tHsb' substituted by `hsb' on input line 1357.
Package xcolor Info: Model `HSB' substituted by `hsb' on input line 1358.
Package xcolor Info: Model `Gray' substituted by `gray' on input line 1359.
Package xcolor Info: Model `wave' substituted by `hsb' on input line 1360.
)
("C:\Dokumente und Einstellungen\Peter\Anwendungsdaten\MiKTeX\2.9\tex\generic\pgf\basiclayer\pgfcore.code.tex"
Package: pgfcore 2010/04/11 v2.10 (rcs-revision 1.7)

("C:\Dokumente und Einstellungen\Peter\Anwendungsdaten\MiKTeX\2.9\tex\generic\pgf\math\pgfmath.code.tex"
("C:\Dokumente und Einstellungen\Peter\Anwendungsdaten\MiKTeX\2.9\tex\generic\pgf\math\pgfmathcalc.code.tex"
("C:\Dokumente und Einstellungen\Peter\Anwendungsdaten\MiKTeX\2.9\tex\generic\pgf\math\pgfmathutil.code.tex")
("C:\Dokumente und Einstellungen\Peter\Anwendungsdaten\MiKTeX\2.9\tex\generic\pgf\math\pgfmathparser.code.tex"
\pgfmath@dimen=\dimen159
\pgfmath@count=\count141
\pgfmath@box=\box49
\pgfmath@toks=\toks21
\pgfmath@stack@operand=\toks22
\pgfmath@stack@operation=\toks23
)
("C:\Dokumente und Einstellungen\Peter\Anwendungsdaten\MiKTeX\2.9\tex\generic\pgf\math\pgfmathfunctions.code.tex"
("C:\Dokumente und Einstellungen\Peter\Anwendungsdaten\MiKTeX\2.9\tex\generic\pgf\math\pgfmathfunctions.basic.code.tex")

("C:\Dokumente und Einstellungen\Peter\Anwendungsdaten\MiKTeX\2.9\tex\generic\pgf\math\pgfmathfunctions.trigonometric.co
de.tex")
("C:\Dokumente und Einstellungen\Peter\Anwendungsdaten\MiKTeX\2.9\tex\generic\pgf\math\pgfmathfunctions.random.code.tex"
)
("C:\Dokumente und Einstellungen\Peter\Anwendungsdaten\MiKTeX\2.9\tex\generic\pgf\math\pgfmathfunctions.comparison.code.
tex")
("C:\Dokumente und Einstellungen\Peter\Anwendungsdaten\MiKTeX\2.9\tex\generic\pgf\math\pgfmathfunctions.base.code.tex")
("C:\Dokumente und Einstellungen\Peter\Anwendungsdaten\MiKTeX\2.9\tex\generic\pgf\math\pgfmathfunctions.round.code.tex")
("C:\Dokumente und Einstellungen\Peter\Anwendungsdaten\MiKTeX\2.9\tex\generic\pgf\math\pgfmathfunctions.misc.code.tex"))
) ("C:\Dokumente und Einstellungen\Peter\Anwendungsdaten\MiKTeX\2.9\tex\generic\pgf\math\pgfmathfloat.code.tex"
\c@pgfmathroundto@lastzeros=\count142
))
("C:\Dokumente und Einstellungen\Peter\Anwendungsdaten\MiKTeX\2.9\tex\generic\pgf\basiclayer\pgfcorepoints.code.tex"
File: pgfcorepoints.code.tex 2010/04/09  (rcs-revision 1.20)
\pgf@picminx=\dimen160
\pgf@picmaxx=\dimen161
\pgf@picminy=\dimen162
\pgf@picmaxy=\dimen163
\pgf@pathminx=\dimen164
\pgf@pathmaxx=\dimen165
\pgf@pathminy=\dimen166
\pgf@pathmaxy=\dimen167
\pgf@xx=\dimen168
\pgf@xy=\dimen169
\pgf@yx=\dimen170
\pgf@yy=\dimen171
\pgf@zx=\dimen172
\pgf@zy=\dimen173
)
("C:\Dokumente und Einstellungen\Peter\Anwendungsdaten\MiKTeX\2.9\tex\generic\pgf\basiclayer\pgfcorepathconstruct.code.t
ex"
File: pgfcorepathconstruct.code.tex 2010/08/03  (rcs-revision 1.24)
\pgf@path@lastx=\dimen174
\pgf@path@lasty=\dimen175
)
("C:\Dokumente und Einstellungen\Peter\Anwendungsdaten\MiKTeX\2.9\tex\generic\pgf\basiclayer\pgfcorepathusage.code.tex"
File: pgfcorepathusage.code.tex 2008/04/22  (rcs-revision 1.12)
\pgf@shorten@end@additional=\dimen176
\pgf@shorten@start@additional=\dimen177
) ("C:\Dokumente und Einstellungen\Peter\Anwendungsdaten\MiKTeX\2.9\tex\generic\pgf\basiclayer\pgfcorescopes.code.tex"
File: pgfcorescopes.code.tex 2010/09/08  (rcs-revision 1.34)
\pgfpic=\box50
\pgf@hbox=\box51
\pgf@layerbox@main=\box52
\pgf@picture@serial@count=\count143
)
("C:\Dokumente und Einstellungen\Peter\Anwendungsdaten\MiKTeX\2.9\tex\generic\pgf\basiclayer\pgfcoregraphicstate.code.te
x"
File: pgfcoregraphicstate.code.tex 2008/04/22  (rcs-revision 1.9)
\pgflinewidth=\dimen178
)
("C:\Dokumente und Einstellungen\Peter\Anwendungsdaten\MiKTeX\2.9\tex\generic\pgf\basiclayer\pgfcoretransformations.code
.tex"
File: pgfcoretransformations.code.tex 2009/06/10  (rcs-revision 1.11)
\pgf@pt@x=\dimen179
\pgf@pt@y=\dimen180
\pgf@pt@temp=\dimen181
) ("C:\Dokumente und Einstellungen\Peter\Anwendungsdaten\MiKTeX\2.9\tex\generic\pgf\basiclayer\pgfcorequick.code.tex"
File: pgfcorequick.code.tex 2008/10/09  (rcs-revision 1.3)
) ("C:\Dokumente und Einstellungen\Peter\Anwendungsdaten\MiKTeX\2.9\tex\generic\pgf\basiclayer\pgfcoreobjects.code.tex"
File: pgfcoreobjects.code.tex 2006/10/11  (rcs-revision 1.2)
)
("C:\Dokumente und Einstellungen\Peter\Anwendungsdaten\MiKTeX\2.9\tex\generic\pgf\basiclayer\pgfcorepathprocessing.code.
tex"
File: pgfcorepathprocessing.code.tex 2008/10/09  (rcs-revision 1.8)
) ("C:\Dokumente und Einstellungen\Peter\Anwendungsdaten\MiKTeX\2.9\tex\generic\pgf\basiclayer\pgfcorearrows.code.tex"
File: pgfcorearrows.code.tex 2008/04/23  (rcs-revision 1.11)
) ("C:\Dokumente und Einstellungen\Peter\Anwendungsdaten\MiKTeX\2.9\tex\generic\pgf\basiclayer\pgfcoreshade.code.tex"
File: pgfcoreshade.code.tex 2008/11/23  (rcs-revision 1.13)
\pgf@max=\dimen182
\pgf@sys@shading@range@num=\count144
) ("C:\Dokumente und Einstellungen\Peter\Anwendungsdaten\MiKTeX\2.9\tex\generic\pgf\basiclayer\pgfcoreimage.code.tex"
File: pgfcoreimage.code.tex 2010/03/25  (rcs-revision 1.16)

("C:\Dokumente und Einstellungen\Peter\Anwendungsdaten\MiKTeX\2.9\tex\generic\pgf\basiclayer\pgfcoreexternal.code.tex"
File: pgfcoreexternal.code.tex 2010/09/01  (rcs-revision 1.17)
\pgfexternal@startupbox=\box53
)) ("C:\Dokumente und Einstellungen\Peter\Anwendungsdaten\MiKTeX\2.9\tex\generic\pgf\basiclayer\pgfcorelayers.code.tex"
File: pgfcorelayers.code.tex 2010/08/27  (rcs-revision 1.2)
)
("C:\Dokumente und Einstellungen\Peter\Anwendungsdaten\MiKTeX\2.9\tex\generic\pgf\basiclayer\pgfcoretransparency.code.te
x"
File: pgfcoretransparency.code.tex 2008/01/17  (rcs-revision 1.2)
) ("C:\Dokumente und Einstellungen\Peter\Anwendungsdaten\MiKTeX\2.9\tex\generic\pgf\basiclayer\pgfcorepatterns.code.tex"
File: pgfcorepatterns.code.tex 2009/07/02  (rcs-revision 1.3)
))) ("C:\Dokumente und Einstellungen\Peter\Anwendungsdaten\MiKTeX\2.9\tex\generic\pgf\modules\pgfmoduleshapes.code.tex"
File: pgfmoduleshapes.code.tex 2010/09/09  (rcs-revision 1.13)
\pgfnodeparttextbox=\box54
) ("C:\Dokumente und Einstellungen\Peter\Anwendungsdaten\MiKTeX\2.9\tex\generic\pgf\modules\pgfmoduleplot.code.tex"
File: pgfmoduleplot.code.tex 2010/10/22  (rcs-revision 1.8)
)
("C:\Dokumente und Einstellungen\Peter\Anwendungsdaten\MiKTeX\2.9\tex\latex\pgf\compatibility\pgfcomp-version-0-65.sty"
Package: pgfcomp-version-0-65 2007/07/03 v2.10 (rcs-revision 1.7)
\pgf@nodesepstart=\dimen183
\pgf@nodesepend=\dimen184
) ("C:\Dokumente und Einstellungen\Peter\Anwendungsdaten\MiKTeX\2.9\tex\latex\pgf\compatibility\pgfcomp-version-1-18.sty
"
Package: pgfcomp-version-1-18 2007/07/23 v2.10 (rcs-revision 1.1)
)) ("C:\Dokumente und Einstellungen\Peter\Anwendungsdaten\MiKTeX\2.9\tex\latex\pgf\utilities\pgffor.sty"
("C:\Dokumente und Einstellungen\Peter\Anwendungsdaten\MiKTeX\2.9\tex\latex\pgf\utilities\pgfkeys.sty"
("C:\Dokumente und Einstellungen\Peter\Anwendungsdaten\MiKTeX\2.9\tex\generic\pgf\utilities\pgfkeys.code.tex"))
("C:\Dokumente und Einstellungen\Peter\Anwendungsdaten\MiKTeX\2.9\tex\generic\pgf\utilities\pgffor.code.tex"
Package: pgffor 2010/03/23 v2.10 (rcs-revision 1.18)
\pgffor@iter=\dimen185
\pgffor@skip=\dimen186
\pgffor@stack=\toks24
\pgffor@toks=\toks25
))
("C:\Dokumente und Einstellungen\Peter\Anwendungsdaten\MiKTeX\2.9\tex\generic\pgf\frontendlayer\tikz\tikz.code.tex"
Package: tikz 2010/10/13 v2.10 (rcs-revision 1.76)

("C:\Dokumente und Einstellungen\Peter\Anwendungsdaten\MiKTeX\2.9\tex\generic\pgf\libraries\pgflibraryplothandlers.code.
tex"
File: pgflibraryplothandlers.code.tex 2010/05/31 v2.10 (rcs-revision 1.15)
\pgf@plot@mark@count=\count145
\pgfplotmarksize=\dimen187
)
\tikz@lastx=\dimen188
\tikz@lasty=\dimen189
\tikz@lastxsaved=\dimen190
\tikz@lastysaved=\dimen191
\tikzleveldistance=\dimen192
\tikzsiblingdistance=\dimen193
\tikz@figbox=\box55
\tikz@tempbox=\box56
\tikztreelevel=\count146
\tikznumberofchildren=\count147
\tikznumberofcurrentchild=\count148
\tikz@fig@count=\count149
 ("C:\Dokumente und Einstellungen\Peter\Anwendungsdaten\MiKTeX\2.9\tex\generic\pgf\modules\pgfmodulematrix.code.tex"
File: pgfmodulematrix.code.tex 2010/08/24  (rcs-revision 1.4)
\pgfmatrixcurrentrow=\count150
\pgfmatrixcurrentcolumn=\count151
\pgf@matrix@numberofcolumns=\count152
)
\tikz@expandcount=\count153

("C:\Dokumente und Einstellungen\Peter\Anwendungsdaten\MiKTeX\2.9\tex\generic\pgf\frontendlayer\tikz\libraries\tikzlibra
rytopaths.code.tex"
File: tikzlibrarytopaths.code.tex 2008/06/17 v2.10 (rcs-revision 1.2)
))) (D:\Skripte_Vorlesung_2014_06_18\Tikz\tikzlibrarydsp.code.tex
("C:\Dokumente und Einstellungen\Peter\Anwendungsdaten\MiKTeX\2.9\tex\generic\pgf\frontendlayer\tikz\libraries\tikzlibra
ryarrows.code.tex"
File: tikzlibraryarrows.code.tex 2008/01/09 v2.10 (rcs-revision 1.1)

("C:\Dokumente und Einstellungen\Peter\Anwendungsdaten\MiKTeX\2.9\tex\generic\pgf\libraries\pgflibraryarrows.code.tex"
File: pgflibraryarrows.code.tex 2008/10/27 v2.10 (rcs-revision 1.9)
\arrowsize=\dimen194
))
("C:\Dokumente und Einstellungen\Peter\Anwendungsdaten\MiKTeX\2.9\tex\generic\pgf\frontendlayer\tikz\libraries\tikzlibra
rycalc.code.tex"
File: tikzlibrarycalc.code.tex 2009/09/04 v2.10 (rcs-revision 1.6)
)
("C:\Dokumente und Einstellungen\Peter\Anwendungsdaten\MiKTeX\2.9\tex\generic\pgf\frontendlayer\tikz\libraries\tikzlibra
rypositioning.code.tex"
File: tikzlibrarypositioning.code.tex 2008/10/06 v2.10 (rcs-revision 1.7)
)
("C:\Dokumente und Einstellungen\Peter\Anwendungsdaten\MiKTeX\2.9\tex\generic\pgf\frontendlayer\tikz\libraries\tikzlibra
rydecorations.markings.code.tex"
("C:\Dokumente und Einstellungen\Peter\Anwendungsdaten\MiKTeX\2.9\tex\generic\pgf\frontendlayer\tikz\libraries\tikzlibra
rydecorations.code.tex"
("C:\Dokumente und Einstellungen\Peter\Anwendungsdaten\MiKTeX\2.9\tex\generic\pgf\modules\pgfmoduledecorations.code.tex"
\pgfdecoratedcompleteddistance=\dimen195
\pgfdecoratedremainingdistance=\dimen196
\pgfdecoratedinputsegmentcompleteddistance=\dimen197
\pgfdecoratedinputsegmentremainingdistance=\dimen198
\pgf@decorate@distancetomove=\dimen199
\pgf@decorate@repeatstate=\count154
\pgfdecorationsegmentamplitude=\dimen200
\pgfdecorationsegmentlength=\dimen201
)
\tikz@lib@dec@box=\box57
)
("C:\Dokumente und Einstellungen\Peter\Anwendungsdaten\MiKTeX\2.9\tex\generic\pgf\libraries\decorations\pgflibrarydecora
tions.markings.code.tex")))
("C:\Dokumente und Einstellungen\Peter\Anwendungsdaten\MiKTeX\2.9\tex\generic\pgf\frontendlayer\tikz\libraries\tikzlibra
ryfit.code.tex"
File: tikzlibraryfit.code.tex 2008/06/21 v2.10 (rcs-revision 1.3)
) (D:\Skripte_Vorlesung_2014_06_18\Tikz\Control_1.aux)
LaTeX Font Info:    Checking defaults for OML/cmm/m/it on input line 35.
LaTeX Font Info:    ... okay on input line 35.
LaTeX Font Info:    Checking defaults for T1/cmr/m/n on input line 35.
LaTeX Font Info:    ... okay on input line 35.
LaTeX Font Info:    Checking defaults for OT1/cmr/m/n on input line 35.
LaTeX Font Info:    ... okay on input line 35.
LaTeX Font Info:    Checking defaults for OMS/cmsy/m/n on input line 35.
LaTeX Font Info:    ... okay on input line 35.
LaTeX Font Info:    Checking defaults for OMX/cmex/m/n on input line 35.
LaTeX Font Info:    ... okay on input line 35.
LaTeX Font Info:    Checking defaults for U/cmr/m/n on input line 35.
LaTeX Font Info:    ... okay on input line 35.

("C:\Dokumente und Einstellungen\Peter\Anwendungsdaten\MiKTeX\2.9\tex\latex\beamer\base\translator\dicts\translator-basi
c-dictionary\translator-basic-dictionary-English.dict"
Dictionary: translator-basic-dictionary, Language: English 
)
("C:\Dokumente und Einstellungen\Peter\Anwendungsdaten\MiKTeX\2.9\tex\latex\siunitx\config\siunitx-abbreviations.cfg"
File: siunitx-abbreviations.cfg 2013/07/31 v2.5s siunitx: Abbreviated units
)
ABD: EveryShipout initializing macros
("C:\Dokumente und Einstellungen\Peter\Anwendungsdaten\MiKTeX\2.9\tex\context\base\supp-pdf.mkii"
[Loading MPS to PDF converter (version 2006.09.02).]
\scratchcounter=\count155
Normal \dimen register pool exhausted, switching to extended pool.
\scratchdimen=\dimen256
\scratchbox=\box58
\nofMPsegments=\count156
\nofMParguments=\count157
\everyMPshowfont=\toks26
\MPscratchCnt=\count158
\MPscratchDim=\dimen257
\MPnumerator=\count159
\makeMPintoPDFobject=\count160
\everyMPtoPDFconversion=\toks27
)
\c__siunitx_mathsf_int=\count161
LaTeX Font Info:    External font `cmex10' loaded for size
(Font)              <7> on input line 35.
LaTeX Font Info:    External font `cmex10' loaded for size
(Font)              <5> on input line 35.
\c__siunitx_mathtt_int=\count162

Underfull \hbox (badness 10000) in paragraph at lines 81--81
 [][][][] 
 []

[1

{C:/Dokumente und Einstellungen/Peter/Lokale Einstellungen/Anwendungsdaten/MiKTeX/2.9/pdftex/config/pdftex.map}]
(D:\Skripte_Vorlesung_2014_06_18\Tikz\Control_1.aux) ) 
Here is how much of TeX's memory you used:
 18493 strings out of 493921
 409560 string characters out of 3148820
 385835 words of memory out of 3000000
 21495 multiletter control sequences out of 15000+200000
 5049 words of font info for 20 fonts, out of 3000000 for 9000
 841 hyphenation exceptions out of 8191
 56i,16n,69p,10418b,779s stack positions out of 5000i,500n,10000p,200000b,50000s
<C:/Programme/MiKTeX 2.9/fonts/type1/public/amsfonts/cm/cmmi10.pfb
><C:/Programme/MiKTeX 2.9/fonts/type1/public/amsfonts/cm/cmmi7.pfb><C:/Programme/MiKTeX 2.9/fonts/type1/public/amsfonts/
cm/cmr10.pfb><C:/Programme/MiKTeX 2.9/fonts/type1/public/amsfonts/cm/cmr7.pfb><C:/Programme/MiKTeX 2.9/fonts/type1/publi
c/amsfonts/cm/cmsy10.pfb>
Output written on Control_1.pdf (1 page, 50101 bytes).
PDF statistics:
 29 PDF objects out of 1000 (max. 8388607)
 0 named destinations out of 1000 (max. 500000)
 13 words of extra memory for PDF output out of 10000 (max. 10000000)

