This is pdfTeX, Version 3.1415926-2.5-1.40.14 (MiKTeX 2.9) (preloaded format=pdflatex 2014.1.19)  27 MAY 2014 09:25
entering extended mode
**d-flip-flops-and-shift-register.tex
(D:\Skripte_Vorlesung_2014_05_21\Tikz\d-flip-flops-and-shift-register.tex
LaTeX2e <2011/06/27>
Babel <v3.8m> and hyphenation patterns for english, afrikaans, ancientgreek, arabic, armenian, assamese, basque, bengali
, bokmal, bulgarian, catalan, coptic, croatian, czech, danish, dutch, esperanto, estonian, farsi, finnish, french, galic
ian, german, german-x-2013-05-26, greek, gujarati, hindi, hungarian, icelandic, indonesian, interlingua, irish, italian,
 kannada, kurmanji, latin, latvian, lithuanian, malayalam, marathi, mongolian, mongolianlmc, monogreek, ngerman, ngerman
-x-2013-05-26, nynorsk, oriya, panjabi, pinyin, polish, portuguese, romanian, russian, sanskrit, serbian, slovak, sloven
ian, spanish, swedish, swissgerman, tamil, telugu, turkish, turkmen, ukenglish, ukrainian, uppersorbian, usenglishmax, w
elsh, loaded.
("C:\Programme\MiKTeX 2.9\tex\latex\base\article.cls"
Document Class: article 2007/10/19 v1.4h Standard LaTeX document class
("C:\Programme\MiKTeX 2.9\tex\latex\base\size10.clo"
File: size10.clo 2007/10/19 v1.4h Standard LaTeX file (size option)
)
\c@part=\count79
\c@section=\count80
\c@subsection=\count81
\c@subsubsection=\count82
\c@paragraph=\count83
\c@subparagraph=\count84
\c@figure=\count85
\c@table=\count86
\abovecaptionskip=\skip41
\belowcaptionskip=\skip42
\bibindent=\dimen102
)
("C:\Dokumente und Einstellungen\Peter\Anwendungsdaten\MiKTeX\2.9\tex\latex\pgf\basiclayer\pgf.sty"
("C:\Dokumente und Einstellungen\Peter\Anwendungsdaten\MiKTeX\2.9\tex\latex\pgf\utilities\pgfrcs.sty"
("C:\Dokumente und Einstellungen\Peter\Anwendungsdaten\MiKTeX\2.9\tex\generic\pgf\utilities\pgfutil-common.tex"
\pgfutil@everybye=\toks14
)
("C:\Dokumente und Einstellungen\Peter\Anwendungsdaten\MiKTeX\2.9\tex\generic\pgf\utilities\pgfutil-latex.def"
\pgfutil@abb=\box26

("C:\Dokumente und Einstellungen\Peter\Anwendungsdaten\MiKTeX\2.9\tex\latex\ms\everyshi.sty"
Package: everyshi 2001/05/15 v3.00 EveryShipout Package (MS)
))
("C:\Dokumente und Einstellungen\Peter\Anwendungsdaten\MiKTeX\2.9\tex\generic\pgf\utilities\pgfrcs.code.tex"
Package: pgfrcs 2010/10/25 v2.10 (rcs-revision 1.24)
))
Package: pgf 2008/01/15 v2.10 (rcs-revision 1.12)

("C:\Dokumente und Einstellungen\Peter\Anwendungsdaten\MiKTeX\2.9\tex\latex\pgf\basiclayer\pgfcore.sty"
("C:\Programme\MiKTeX 2.9\tex\latex\graphics\graphicx.sty"
Package: graphicx 1999/02/16 v1.0f Enhanced LaTeX Graphics (DPC,SPQR)
 ("C:\Programme\MiKTeX 2.9\tex\latex\graphics\keyval.sty"
Package: keyval 1999/03/16 v1.13 key=value parser (DPC)
\KV@toks@=\toks15
)
("C:\Programme\MiKTeX 2.9\tex\latex\graphics\graphics.sty"
Package: graphics 2009/02/05 v1.0o Standard LaTeX Graphics (DPC,SPQR)
 ("C:\Programme\MiKTeX 2.9\tex\latex\graphics\trig.sty"
Package: trig 1999/03/16 v1.09 sin cos tan (DPC)
)
("C:\Programme\MiKTeX 2.9\tex\latex\00miktex\graphics.cfg"
File: graphics.cfg 2007/01/18 v1.5 graphics configuration of teTeX/TeXLive
)
Package graphics Info: Driver file: pdftex.def on input line 91.
 ("C:\Programme\MiKTeX 2.9\tex\latex\pdftex-def\pdftex.def"
File: pdftex.def 2011/05/27 v0.06d Graphics/color for pdfTeX

("C:\Programme\MiKTeX 2.9\tex\generic\oberdiek\infwarerr.sty"
Package: infwarerr 2010/04/08 v1.3 Providing info/warning/error messages (HO)
) ("C:\Programme\MiKTeX 2.9\tex\generic\oberdiek\ltxcmds.sty"
Package: ltxcmds 2011/11/09 v1.22 LaTeX kernel commands for general use (HO)
)
\Gread@gobject=\count87
))
\Gin@req@height=\dimen103
\Gin@req@width=\dimen104
) ("C:\Dokumente und Einstellungen\Peter\Anwendungsdaten\MiKTeX\2.9\tex\latex\pgf\systemlayer\pgfsys.sty"
("C:\Dokumente und Einstellungen\Peter\Anwendungsdaten\MiKTeX\2.9\tex\generic\pgf\systemlayer\pgfsys.code.tex"
Package: pgfsys 2010/06/30 v2.10 (rcs-revision 1.37)

("C:\Dokumente und Einstellungen\Peter\Anwendungsdaten\MiKTeX\2.9\tex\generic\pgf\utilities\pgfkeys.code.tex"
\pgfkeys@pathtoks=\toks16
\pgfkeys@temptoks=\toks17

("C:\Dokumente und Einstellungen\Peter\Anwendungsdaten\MiKTeX\2.9\tex\generic\pgf\utilities\pgfkeysfiltered.code.tex"
\pgfkeys@tmptoks=\toks18
))
\pgf@x=\dimen105
\pgf@y=\dimen106
\pgf@xa=\dimen107
\pgf@ya=\dimen108
\pgf@xb=\dimen109
\pgf@yb=\dimen110
\pgf@xc=\dimen111
\pgf@yc=\dimen112
\w@pgf@writea=\write3
\r@pgf@reada=\read1
\c@pgf@counta=\count88
\c@pgf@countb=\count89
\c@pgf@countc=\count90
\c@pgf@countd=\count91

("C:\Dokumente und Einstellungen\Peter\Anwendungsdaten\MiKTeX\2.9\tex\generic\pgf\systemlayer\pgf.cfg"
File: pgf.cfg 2008/05/14  (rcs-revision 1.7)
)
Package pgfsys Info: Driver file for pgf: pgfsys-pdftex.def on input line 900.

("C:\Dokumente und Einstellungen\Peter\Anwendungsdaten\MiKTeX\2.9\tex\generic\pgf\systemlayer\pgfsys-pdftex.def"
File: pgfsys-pdftex.def 2009/05/22  (rcs-revision 1.26)

("C:\Dokumente und Einstellungen\Peter\Anwendungsdaten\MiKTeX\2.9\tex\generic\pgf\systemlayer\pgfsys-common-pdf.def"
File: pgfsys-common-pdf.def 2008/05/19  (rcs-revision 1.10)
)))
("C:\Dokumente und Einstellungen\Peter\Anwendungsdaten\MiKTeX\2.9\tex\generic\pgf\systemlayer\pgfsyssoftpath.code.tex"
File: pgfsyssoftpath.code.tex 2008/07/18  (rcs-revision 1.7)
\pgfsyssoftpath@smallbuffer@items=\count92
\pgfsyssoftpath@bigbuffer@items=\count93
)
("C:\Dokumente und Einstellungen\Peter\Anwendungsdaten\MiKTeX\2.9\tex\generic\pgf\systemlayer\pgfsysprotocol.code.tex"
File: pgfsysprotocol.code.tex 2006/10/16  (rcs-revision 1.4)
)) ("C:\Dokumente und Einstellungen\Peter\Anwendungsdaten\MiKTeX\2.9\tex\latex\xcolor\xcolor.sty"
Package: xcolor 2007/01/21 v2.11 LaTeX color extensions (UK)

("C:\Programme\MiKTeX 2.9\tex\latex\00miktex\color.cfg"
File: color.cfg 2007/01/18 v1.5 color configuration of teTeX/TeXLive
)
Package xcolor Info: Driver file: pdftex.def on input line 225.
Package xcolor Info: Model `cmy' substituted by `cmy0' on input line 1337.
Package xcolor Info: Model `hsb' substituted by `rgb' on input line 1341.
Package xcolor Info: Model `RGB' extended on input line 1353.
Package xcolor Info: Model `HTML' substituted by `rgb' on input line 1355.
Package xcolor Info: Model `Hsb' substituted by `hsb' on input line 1356.
Package xcolor Info: Model `tHsb' substituted by `hsb' on input line 1357.
Package xcolor Info: Model `HSB' substituted by `hsb' on input line 1358.
Package xcolor Info: Model `Gray' substituted by `gray' on input line 1359.
Package xcolor Info: Model `wave' substituted by `hsb' on input line 1360.
)
("C:\Dokumente und Einstellungen\Peter\Anwendungsdaten\MiKTeX\2.9\tex\generic\pgf\basiclayer\pgfcore.code.tex"
Package: pgfcore 2010/04/11 v2.10 (rcs-revision 1.7)

("C:\Dokumente und Einstellungen\Peter\Anwendungsdaten\MiKTeX\2.9\tex\generic\pgf\math\pgfmath.code.tex"
("C:\Dokumente und Einstellungen\Peter\Anwendungsdaten\MiKTeX\2.9\tex\generic\pgf\math\pgfmathcalc.code.tex"
("C:\Dokumente und Einstellungen\Peter\Anwendungsdaten\MiKTeX\2.9\tex\generic\pgf\math\pgfmathutil.code.tex")
("C:\Dokumente und Einstellungen\Peter\Anwendungsdaten\MiKTeX\2.9\tex\generic\pgf\math\pgfmathparser.code.tex"
\pgfmath@dimen=\dimen113
\pgfmath@count=\count94
\pgfmath@box=\box27
\pgfmath@toks=\toks19
\pgfmath@stack@operand=\toks20
\pgfmath@stack@operation=\toks21
)
("C:\Dokumente und Einstellungen\Peter\Anwendungsdaten\MiKTeX\2.9\tex\generic\pgf\math\pgfmathfunctions.code.tex"
("C:\Dokumente und Einstellungen\Peter\Anwendungsdaten\MiKTeX\2.9\tex\generic\pgf\math\pgfmathfunctions.basic.code.tex")

("C:\Dokumente und Einstellungen\Peter\Anwendungsdaten\MiKTeX\2.9\tex\generic\pgf\math\pgfmathfunctions.trigonometric.co
de.tex")
("C:\Dokumente und Einstellungen\Peter\Anwendungsdaten\MiKTeX\2.9\tex\generic\pgf\math\pgfmathfunctions.random.code.tex"
)
("C:\Dokumente und Einstellungen\Peter\Anwendungsdaten\MiKTeX\2.9\tex\generic\pgf\math\pgfmathfunctions.comparison.code.
tex")
("C:\Dokumente und Einstellungen\Peter\Anwendungsdaten\MiKTeX\2.9\tex\generic\pgf\math\pgfmathfunctions.base.code.tex")
("C:\Dokumente und Einstellungen\Peter\Anwendungsdaten\MiKTeX\2.9\tex\generic\pgf\math\pgfmathfunctions.round.code.tex")
("C:\Dokumente und Einstellungen\Peter\Anwendungsdaten\MiKTeX\2.9\tex\generic\pgf\math\pgfmathfunctions.misc.code.tex"))
) ("C:\Dokumente und Einstellungen\Peter\Anwendungsdaten\MiKTeX\2.9\tex\generic\pgf\math\pgfmathfloat.code.tex"
\c@pgfmathroundto@lastzeros=\count95
))
("C:\Dokumente und Einstellungen\Peter\Anwendungsdaten\MiKTeX\2.9\tex\generic\pgf\basiclayer\pgfcorepoints.code.tex"
File: pgfcorepoints.code.tex 2010/04/09  (rcs-revision 1.20)
\pgf@picminx=\dimen114
\pgf@picmaxx=\dimen115
\pgf@picminy=\dimen116
\pgf@picmaxy=\dimen117
\pgf@pathminx=\dimen118
\pgf@pathmaxx=\dimen119
\pgf@pathminy=\dimen120
\pgf@pathmaxy=\dimen121
\pgf@xx=\dimen122
\pgf@xy=\dimen123
\pgf@yx=\dimen124
\pgf@yy=\dimen125
\pgf@zx=\dimen126
\pgf@zy=\dimen127
)
("C:\Dokumente und Einstellungen\Peter\Anwendungsdaten\MiKTeX\2.9\tex\generic\pgf\basiclayer\pgfcorepathconstruct.code.t
ex"
File: pgfcorepathconstruct.code.tex 2010/08/03  (rcs-revision 1.24)
\pgf@path@lastx=\dimen128
\pgf@path@lasty=\dimen129
)
("C:\Dokumente und Einstellungen\Peter\Anwendungsdaten\MiKTeX\2.9\tex\generic\pgf\basiclayer\pgfcorepathusage.code.tex"
File: pgfcorepathusage.code.tex 2008/04/22  (rcs-revision 1.12)
\pgf@shorten@end@additional=\dimen130
\pgf@shorten@start@additional=\dimen131
) ("C:\Dokumente und Einstellungen\Peter\Anwendungsdaten\MiKTeX\2.9\tex\generic\pgf\basiclayer\pgfcorescopes.code.tex"
File: pgfcorescopes.code.tex 2010/09/08  (rcs-revision 1.34)
\pgfpic=\box28
\pgf@hbox=\box29
\pgf@layerbox@main=\box30
\pgf@picture@serial@count=\count96
)
("C:\Dokumente und Einstellungen\Peter\Anwendungsdaten\MiKTeX\2.9\tex\generic\pgf\basiclayer\pgfcoregraphicstate.code.te
x"
File: pgfcoregraphicstate.code.tex 2008/04/22  (rcs-revision 1.9)
\pgflinewidth=\dimen132
)
("C:\Dokumente und Einstellungen\Peter\Anwendungsdaten\MiKTeX\2.9\tex\generic\pgf\basiclayer\pgfcoretransformations.code
.tex"
File: pgfcoretransformations.code.tex 2009/06/10  (rcs-revision 1.11)
\pgf@pt@x=\dimen133
\pgf@pt@y=\dimen134
\pgf@pt@temp=\dimen135
) ("C:\Dokumente und Einstellungen\Peter\Anwendungsdaten\MiKTeX\2.9\tex\generic\pgf\basiclayer\pgfcorequick.code.tex"
File: pgfcorequick.code.tex 2008/10/09  (rcs-revision 1.3)
) ("C:\Dokumente und Einstellungen\Peter\Anwendungsdaten\MiKTeX\2.9\tex\generic\pgf\basiclayer\pgfcoreobjects.code.tex"
File: pgfcoreobjects.code.tex 2006/10/11  (rcs-revision 1.2)
)
("C:\Dokumente und Einstellungen\Peter\Anwendungsdaten\MiKTeX\2.9\tex\generic\pgf\basiclayer\pgfcorepathprocessing.code.
tex"
File: pgfcorepathprocessing.code.tex 2008/10/09  (rcs-revision 1.8)
) ("C:\Dokumente und Einstellungen\Peter\Anwendungsdaten\MiKTeX\2.9\tex\generic\pgf\basiclayer\pgfcorearrows.code.tex"
File: pgfcorearrows.code.tex 2008/04/23  (rcs-revision 1.11)
) ("C:\Dokumente und Einstellungen\Peter\Anwendungsdaten\MiKTeX\2.9\tex\generic\pgf\basiclayer\pgfcoreshade.code.tex"
File: pgfcoreshade.code.tex 2008/11/23  (rcs-revision 1.13)
\pgf@max=\dimen136
\pgf@sys@shading@range@num=\count97
) ("C:\Dokumente und Einstellungen\Peter\Anwendungsdaten\MiKTeX\2.9\tex\generic\pgf\basiclayer\pgfcoreimage.code.tex"
File: pgfcoreimage.code.tex 2010/03/25  (rcs-revision 1.16)

("C:\Dokumente und Einstellungen\Peter\Anwendungsdaten\MiKTeX\2.9\tex\generic\pgf\basiclayer\pgfcoreexternal.code.tex"
File: pgfcoreexternal.code.tex 2010/09/01  (rcs-revision 1.17)
\pgfexternal@startupbox=\box31
)) ("C:\Dokumente und Einstellungen\Peter\Anwendungsdaten\MiKTeX\2.9\tex\generic\pgf\basiclayer\pgfcorelayers.code.tex"
File: pgfcorelayers.code.tex 2010/08/27  (rcs-revision 1.2)
)
("C:\Dokumente und Einstellungen\Peter\Anwendungsdaten\MiKTeX\2.9\tex\generic\pgf\basiclayer\pgfcoretransparency.code.te
x"
File: pgfcoretransparency.code.tex 2008/01/17  (rcs-revision 1.2)
) ("C:\Dokumente und Einstellungen\Peter\Anwendungsdaten\MiKTeX\2.9\tex\generic\pgf\basiclayer\pgfcorepatterns.code.tex"
File: pgfcorepatterns.code.tex 2009/07/02  (rcs-revision 1.3)
))) ("C:\Dokumente und Einstellungen\Peter\Anwendungsdaten\MiKTeX\2.9\tex\generic\pgf\modules\pgfmoduleshapes.code.tex"
File: pgfmoduleshapes.code.tex 2010/09/09  (rcs-revision 1.13)
\pgfnodeparttextbox=\box32
) ("C:\Dokumente und Einstellungen\Peter\Anwendungsdaten\MiKTeX\2.9\tex\generic\pgf\modules\pgfmoduleplot.code.tex"
File: pgfmoduleplot.code.tex 2010/10/22  (rcs-revision 1.8)
)
("C:\Dokumente und Einstellungen\Peter\Anwendungsdaten\MiKTeX\2.9\tex\latex\pgf\compatibility\pgfcomp-version-0-65.sty"
Package: pgfcomp-version-0-65 2007/07/03 v2.10 (rcs-revision 1.7)
\pgf@nodesepstart=\dimen137
\pgf@nodesepend=\dimen138
) ("C:\Dokumente und Einstellungen\Peter\Anwendungsdaten\MiKTeX\2.9\tex\latex\pgf\compatibility\pgfcomp-version-1-18.sty
"
Package: pgfcomp-version-1-18 2007/07/23 v2.10 (rcs-revision 1.1)
)) ("C:\Dokumente und Einstellungen\Peter\Anwendungsdaten\MiKTeX\2.9\tex\latex\pgf\frontendlayer\tikz.sty"
("C:\Dokumente und Einstellungen\Peter\Anwendungsdaten\MiKTeX\2.9\tex\latex\pgf\utilities\pgffor.sty"
("C:\Dokumente und Einstellungen\Peter\Anwendungsdaten\MiKTeX\2.9\tex\latex\pgf\utilities\pgfkeys.sty"
("C:\Dokumente und Einstellungen\Peter\Anwendungsdaten\MiKTeX\2.9\tex\generic\pgf\utilities\pgfkeys.code.tex"))
("C:\Dokumente und Einstellungen\Peter\Anwendungsdaten\MiKTeX\2.9\tex\generic\pgf\utilities\pgffor.code.tex"
Package: pgffor 2010/03/23 v2.10 (rcs-revision 1.18)
\pgffor@iter=\dimen139
\pgffor@skip=\dimen140
\pgffor@stack=\toks22
\pgffor@toks=\toks23
))
("C:\Dokumente und Einstellungen\Peter\Anwendungsdaten\MiKTeX\2.9\tex\generic\pgf\frontendlayer\tikz\tikz.code.tex"
Package: tikz 2010/10/13 v2.10 (rcs-revision 1.76)

("C:\Dokumente und Einstellungen\Peter\Anwendungsdaten\MiKTeX\2.9\tex\generic\pgf\libraries\pgflibraryplothandlers.code.
tex"
File: pgflibraryplothandlers.code.tex 2010/05/31 v2.10 (rcs-revision 1.15)
\pgf@plot@mark@count=\count98
\pgfplotmarksize=\dimen141
)
\tikz@lastx=\dimen142
\tikz@lasty=\dimen143
\tikz@lastxsaved=\dimen144
\tikz@lastysaved=\dimen145
\tikzleveldistance=\dimen146
\tikzsiblingdistance=\dimen147
\tikz@figbox=\box33
\tikz@tempbox=\box34
\tikztreelevel=\count99
\tikznumberofchildren=\count100
\tikznumberofcurrentchild=\count101
\tikz@fig@count=\count102
 ("C:\Dokumente und Einstellungen\Peter\Anwendungsdaten\MiKTeX\2.9\tex\generic\pgf\modules\pgfmodulematrix.code.tex"
File: pgfmodulematrix.code.tex 2010/08/24  (rcs-revision 1.4)
\pgfmatrixcurrentrow=\count103
\pgfmatrixcurrentcolumn=\count104
\pgf@matrix@numberofcolumns=\count105
)
\tikz@expandcount=\count106

("C:\Dokumente und Einstellungen\Peter\Anwendungsdaten\MiKTeX\2.9\tex\generic\pgf\frontendlayer\tikz\libraries\tikzlibra
rytopaths.code.tex"
File: tikzlibrarytopaths.code.tex 2008/06/17 v2.10 (rcs-revision 1.2)
))) ("C:\Programme\MiKTeX 2.9\tex\latex\tools\verbatim.sty"
Package: verbatim 2003/08/22 v1.5q LaTeX2e package for verbatim enhancements
\every@verbatim=\toks24
\verbatim@line=\toks25
\verbatim@in@stream=\read2
)
("C:\Dokumente und Einstellungen\Peter\Anwendungsdaten\MiKTeX\2.9\tex\latex\preview\preview.sty"
Package: preview 2010/02/14 11.86 (AUCTeX/preview-latex)

("C:\Dokumente und Einstellungen\Peter\Anwendungsdaten\MiKTeX\2.9\tex\latex\preview\prtightpage.def"
\PreviewBorder=\dimen148
)
\pr@snippet=\count107
\pr@box=\box35
\pr@output=\toks26
)
("C:\Dokumente und Einstellungen\Peter\Anwendungsdaten\MiKTeX\2.9\tex\generic\pgf\frontendlayer\tikz\libraries\tikzlibra
rycalc.code.tex"
File: tikzlibrarycalc.code.tex 2009/09/04 v2.10 (rcs-revision 1.6)
)
("C:\Dokumente und Einstellungen\Peter\Anwendungsdaten\MiKTeX\2.9\tex\generic\pgf\frontendlayer\tikz\libraries\tikzlibra
ryarrows.code.tex"
File: tikzlibraryarrows.code.tex 2008/01/09 v2.10 (rcs-revision 1.1)

("C:\Dokumente und Einstellungen\Peter\Anwendungsdaten\MiKTeX\2.9\tex\generic\pgf\libraries\pgflibraryarrows.code.tex"
File: pgflibraryarrows.code.tex 2008/10/27 v2.10 (rcs-revision 1.9)
\arrowsize=\dimen149
)) ("C:\Programme\MiKTeX 2.9\tex\latex\amsmath\amsmath.sty"
Package: amsmath 2013/01/14 v2.14 AMS math features
\@mathmargin=\skip43

For additional information on amsmath, use the `?' option.
("C:\Programme\MiKTeX 2.9\tex\latex\amsmath\amstext.sty"
Package: amstext 2000/06/29 v2.01
 ("C:\Programme\MiKTeX 2.9\tex\latex\amsmath\amsgen.sty"
File: amsgen.sty 1999/11/30 v2.0
\@emptytoks=\toks27
\ex@=\dimen150
))
("C:\Programme\MiKTeX 2.9\tex\latex\amsmath\amsbsy.sty"
Package: amsbsy 1999/11/29 v1.2d
\pmbraise@=\dimen151
) ("C:\Programme\MiKTeX 2.9\tex\latex\amsmath\amsopn.sty"
Package: amsopn 1999/12/14 v2.01 operator names
)
\inf@bad=\count108
LaTeX Info: Redefining \frac on input line 210.
\uproot@=\count109
\leftroot@=\count110
LaTeX Info: Redefining \overline on input line 306.
\classnum@=\count111
\DOTSCASE@=\count112
LaTeX Info: Redefining \ldots on input line 378.
LaTeX Info: Redefining \dots on input line 381.
LaTeX Info: Redefining \cdots on input line 466.
\Mathstrutbox@=\box36
\strutbox@=\box37
\big@size=\dimen152
LaTeX Font Info:    Redeclaring font encoding OML on input line 566.
LaTeX Font Info:    Redeclaring font encoding OMS on input line 567.
\macc@depth=\count113
\c@MaxMatrixCols=\count114
\dotsspace@=\muskip10
\c@parentequation=\count115
\dspbrk@lvl=\count116
\tag@help=\toks28
\row@=\count117
\column@=\count118
\maxfields@=\count119
\andhelp@=\toks29
\eqnshift@=\dimen153
\alignsep@=\dimen154
\tagshift@=\dimen155
\tagwidth@=\dimen156
\totwidth@=\dimen157
\lineht@=\dimen158
\@envbody=\toks30
\multlinegap=\skip44
\multlinetaggap=\skip45
\mathdisplay@stack=\toks31
LaTeX Info: Redefining \[ on input line 2665.
LaTeX Info: Redefining \] on input line 2666.
)
("C:\Programme\MiKTeX 2.9\tex\latex\geometry\geometry.sty"
Package: geometry 2010/09/12 v5.6 Page Geometry
 ("C:\Programme\MiKTeX 2.9\tex\generic\oberdiek\ifpdf.sty"
Package: ifpdf 2011/01/30 v2.3 Provides the ifpdf switch (HO)
Package ifpdf Info: pdfTeX in PDF mode is detected.
)
("C:\Programme\MiKTeX 2.9\tex\generic\oberdiek\ifvtex.sty"
Package: ifvtex 2010/03/01 v1.5 Detect VTeX and its facilities (HO)
Package ifvtex Info: VTeX not detected.
) ("C:\Programme\MiKTeX 2.9\tex\generic\ifxetex\ifxetex.sty"
Package: ifxetex 2010/09/12 v0.6 Provides ifxetex conditional
)
\Gm@cnth=\count120
\Gm@cntv=\count121
\c@Gm@tempcnt=\count122
\Gm@bindingoffset=\dimen159
\Gm@wd@mp=\dimen160
\Gm@odd@mp=\dimen161
\Gm@even@mp=\dimen162
\Gm@layoutwidth=\dimen163
\Gm@layoutheight=\dimen164
\Gm@layouthoffset=\dimen165
\Gm@layoutvoffset=\dimen166
\Gm@dimlist=\toks32

("C:\Programme\MiKTeX 2.9\tex\latex\geometry\geometry.cfg"))
(D:\Skripte_Vorlesung_2014_05_21\Tikz\d-flip-flops-and-shift-register.aux)
LaTeX Font Info:    Checking defaults for OML/cmm/m/it on input line 153.
LaTeX Font Info:    ... okay on input line 153.
LaTeX Font Info:    Checking defaults for T1/cmr/m/n on input line 153.
LaTeX Font Info:    ... okay on input line 153.
LaTeX Font Info:    Checking defaults for OT1/cmr/m/n on input line 153.
LaTeX Font Info:    ... okay on input line 153.
LaTeX Font Info:    Checking defaults for OMS/cmsy/m/n on input line 153.
LaTeX Font Info:    ... okay on input line 153.
LaTeX Font Info:    Checking defaults for OMX/cmex/m/n on input line 153.
LaTeX Font Info:    ... okay on input line 153.
LaTeX Font Info:    Checking defaults for U/cmr/m/n on input line 153.
LaTeX Font Info:    ... okay on input line 153.
 ABD: EveryShipout initializing macros
("C:\Dokumente und Einstellungen\Peter\Anwendungsdaten\MiKTeX\2.9\tex\context\base\supp-pdf.mkii"
[Loading MPS to PDF converter (version 2006.09.02).]
\scratchcounter=\count123
\scratchdimen=\dimen167
\scratchbox=\box38
\nofMPsegments=\count124
\nofMParguments=\count125
\everyMPshowfont=\toks33
\MPscratchCnt=\count126
\MPscratchDim=\dimen168
\MPnumerator=\count127
\makeMPintoPDFobject=\count128
\everyMPtoPDFconversion=\toks34
)
Preview: Fontsize 10pt
Preview: PDFoutput 1
*geometry* driver: auto-detecting
*geometry* detected driver: pdftex
*geometry* verbose mode - [ preamble ] result:
* driver: pdftex
* paper: a4paper
* layout: <same size as paper>
* layoutoffset:(h,v)=(0.0pt,0.0pt)
* modes: landscape 
* h-part:(L,W,R)=(28.45274pt, 788.14136pt, 28.45274pt)
* v-part:(T,H,B)=(71.70166pt, 418.25368pt, 107.55254pt)
* \paperwidth=845.04684pt
* \paperheight=597.50787pt
* \textwidth=788.14136pt
* \textheight=418.25368pt
* \oddsidemargin=-43.81725pt
* \evensidemargin=-43.81725pt
* \topmargin=-37.56833pt
* \headheight=12.0pt
* \headsep=25.0pt
* \topskip=10.0pt
* \footskip=30.0pt
* \marginparwidth=144.0pt
* \marginparsep=11.0pt
* \columnsep=10.0pt
* \skip\footins=9.0pt plus 4.0pt minus 2.0pt
* \hoffset=0.0pt
* \voffset=0.0pt
* \mag=1000
* \@twocolumnfalse
* \@twosidefalse
* \@mparswitchfalse
* \@reversemarginfalse
* (1in=72.27pt=25.4mm, 1cm=28.453pt)


Overfull \hbox (15.8259pt too wide) in paragraph at lines 198--198
[][] 
 []

Preview: Tightpage -327680 -327680 327680 327680
[1{C:/Dokumente und Einstellungen/Peter/Lokale Einstellungen/Anwendungsdaten/MiKTeX/2.9/pdftex/config/pdftex.map}]
(D:\Skripte_Vorlesung_2014_05_21\Tikz\d-flip-flops-and-shift-register.aux) ) 
Here is how much of TeX's memory you used:
 11055 strings out of 493921
 213062 string characters out of 3148820
 261393 words of memory out of 3000000
 14153 multiletter control sequences out of 15000+200000
 4699 words of font info for 18 fonts, out of 3000000 for 9000
 841 hyphenation exceptions out of 8191
 49i,9n,68p,442b,748s stack positions out of 5000i,500n,10000p,200000b,50000s
<C:/Programme/MiKTeX 2.9/fonts/type1/public/
amsfonts/cm/cmss10.pfb><C:/Programme/MiKTeX 2.9/fonts/type1/public/amsfonts/cm/cmss8.pfb>
Output written on d-flip-flops-and-shift-register.pdf (1 page, 23353 bytes).
PDF statistics:
 17 PDF objects out of 1000 (max. 8388607)
 0 named destinations out of 1000 (max. 500000)
 13 words of extra memory for PDF output out of 10000 (max. 10000000)

