This is pdfTeX, Version 3.1415926-2.5-1.40.14 (MiKTeX 2.9) (preloaded format=pdflatex 2014.1.19)  27 MAY 2014 09:23
entering extended mode
**line-plot-CONV-1.tex
(D:\Skripte_Vorlesung_2014_05_21\Tikz\line-plot-CONV-1.tex
LaTeX2e <2011/06/27>
Babel <v3.8m> and hyphenation patterns for english, afrikaans, ancientgreek, arabic, armenian, assamese, basque, bengali
, bokmal, bulgarian, catalan, coptic, croatian, czech, danish, dutch, esperanto, estonian, farsi, finnish, french, galic
ian, german, german-x-2013-05-26, greek, gujarati, hindi, hungarian, icelandic, indonesian, interlingua, irish, italian,
 kannada, kurmanji, latin, latvian, lithuanian, malayalam, marathi, mongolian, mongolianlmc, monogreek, ngerman, ngerman
-x-2013-05-26, nynorsk, oriya, panjabi, pinyin, polish, portuguese, romanian, russian, sanskrit, serbian, slovak, sloven
ian, spanish, swedish, swissgerman, tamil, telugu, turkish, turkmen, ukenglish, ukrainian, uppersorbian, usenglishmax, w
elsh, loaded.
("C:\Programme\MiKTeX 2.9\tex\latex\base\minimal.cls"
Document Class: minimal 2001/05/25 Standard LaTeX minimal class
) ("C:\Dokumente und Einstellungen\Peter\Anwendungsdaten\MiKTeX\2.9\tex\latex\pgf\frontendlayer\tikz.sty"
("C:\Dokumente und Einstellungen\Peter\Anwendungsdaten\MiKTeX\2.9\tex\latex\pgf\basiclayer\pgf.sty"
("C:\Dokumente und Einstellungen\Peter\Anwendungsdaten\MiKTeX\2.9\tex\latex\pgf\utilities\pgfrcs.sty"
("C:\Dokumente und Einstellungen\Peter\Anwendungsdaten\MiKTeX\2.9\tex\generic\pgf\utilities\pgfutil-common.tex"
\pgfutil@everybye=\toks14
)
("C:\Dokumente und Einstellungen\Peter\Anwendungsdaten\MiKTeX\2.9\tex\generic\pgf\utilities\pgfutil-latex.def"
\pgfutil@abb=\box26

("C:\Dokumente und Einstellungen\Peter\Anwendungsdaten\MiKTeX\2.9\tex\latex\ms\everyshi.sty"
Package: everyshi 2001/05/15 v3.00 EveryShipout Package (MS)
))
("C:\Dokumente und Einstellungen\Peter\Anwendungsdaten\MiKTeX\2.9\tex\generic\pgf\utilities\pgfrcs.code.tex"
Package: pgfrcs 2010/10/25 v2.10 (rcs-revision 1.24)
))
Package: pgf 2008/01/15 v2.10 (rcs-revision 1.12)

("C:\Dokumente und Einstellungen\Peter\Anwendungsdaten\MiKTeX\2.9\tex\latex\pgf\basiclayer\pgfcore.sty"
("C:\Programme\MiKTeX 2.9\tex\latex\graphics\graphicx.sty"
Package: graphicx 1999/02/16 v1.0f Enhanced LaTeX Graphics (DPC,SPQR)
 ("C:\Programme\MiKTeX 2.9\tex\latex\graphics\keyval.sty"
Package: keyval 1999/03/16 v1.13 key=value parser (DPC)
\KV@toks@=\toks15
)
("C:\Programme\MiKTeX 2.9\tex\latex\graphics\graphics.sty"
Package: graphics 2009/02/05 v1.0o Standard LaTeX Graphics (DPC,SPQR)
 ("C:\Programme\MiKTeX 2.9\tex\latex\graphics\trig.sty"
Package: trig 1999/03/16 v1.09 sin cos tan (DPC)
)
("C:\Programme\MiKTeX 2.9\tex\latex\00miktex\graphics.cfg"
File: graphics.cfg 2007/01/18 v1.5 graphics configuration of teTeX/TeXLive
)
Package graphics Info: Driver file: pdftex.def on input line 91.
 ("C:\Programme\MiKTeX 2.9\tex\latex\pdftex-def\pdftex.def"
File: pdftex.def 2011/05/27 v0.06d Graphics/color for pdfTeX

("C:\Programme\MiKTeX 2.9\tex\generic\oberdiek\infwarerr.sty"
Package: infwarerr 2010/04/08 v1.3 Providing info/warning/error messages (HO)
) ("C:\Programme\MiKTeX 2.9\tex\generic\oberdiek\ltxcmds.sty"
Package: ltxcmds 2011/11/09 v1.22 LaTeX kernel commands for general use (HO)
)
\Gread@gobject=\count79
))
\Gin@req@height=\dimen102
\Gin@req@width=\dimen103
) ("C:\Dokumente und Einstellungen\Peter\Anwendungsdaten\MiKTeX\2.9\tex\latex\pgf\systemlayer\pgfsys.sty"
("C:\Dokumente und Einstellungen\Peter\Anwendungsdaten\MiKTeX\2.9\tex\generic\pgf\systemlayer\pgfsys.code.tex"
Package: pgfsys 2010/06/30 v2.10 (rcs-revision 1.37)

("C:\Dokumente und Einstellungen\Peter\Anwendungsdaten\MiKTeX\2.9\tex\generic\pgf\utilities\pgfkeys.code.tex"
\pgfkeys@pathtoks=\toks16
\pgfkeys@temptoks=\toks17

("C:\Dokumente und Einstellungen\Peter\Anwendungsdaten\MiKTeX\2.9\tex\generic\pgf\utilities\pgfkeysfiltered.code.tex"
\pgfkeys@tmptoks=\toks18
))
\pgf@x=\dimen104
\pgf@y=\dimen105
\pgf@xa=\dimen106
\pgf@ya=\dimen107
\pgf@xb=\dimen108
\pgf@yb=\dimen109
\pgf@xc=\dimen110
\pgf@yc=\dimen111
\w@pgf@writea=\write3
\r@pgf@reada=\read1
\c@pgf@counta=\count80
\c@pgf@countb=\count81
\c@pgf@countc=\count82
\c@pgf@countd=\count83

("C:\Dokumente und Einstellungen\Peter\Anwendungsdaten\MiKTeX\2.9\tex\generic\pgf\systemlayer\pgf.cfg"
File: pgf.cfg 2008/05/14  (rcs-revision 1.7)
)
Package pgfsys Info: Driver file for pgf: pgfsys-pdftex.def on input line 900.

("C:\Dokumente und Einstellungen\Peter\Anwendungsdaten\MiKTeX\2.9\tex\generic\pgf\systemlayer\pgfsys-pdftex.def"
File: pgfsys-pdftex.def 2009/05/22  (rcs-revision 1.26)

("C:\Dokumente und Einstellungen\Peter\Anwendungsdaten\MiKTeX\2.9\tex\generic\pgf\systemlayer\pgfsys-common-pdf.def"
File: pgfsys-common-pdf.def 2008/05/19  (rcs-revision 1.10)
)))
("C:\Dokumente und Einstellungen\Peter\Anwendungsdaten\MiKTeX\2.9\tex\generic\pgf\systemlayer\pgfsyssoftpath.code.tex"
File: pgfsyssoftpath.code.tex 2008/07/18  (rcs-revision 1.7)
\pgfsyssoftpath@smallbuffer@items=\count84
\pgfsyssoftpath@bigbuffer@items=\count85
)
("C:\Dokumente und Einstellungen\Peter\Anwendungsdaten\MiKTeX\2.9\tex\generic\pgf\systemlayer\pgfsysprotocol.code.tex"
File: pgfsysprotocol.code.tex 2006/10/16  (rcs-revision 1.4)
)) ("C:\Dokumente und Einstellungen\Peter\Anwendungsdaten\MiKTeX\2.9\tex\latex\xcolor\xcolor.sty"
Package: xcolor 2007/01/21 v2.11 LaTeX color extensions (UK)

("C:\Programme\MiKTeX 2.9\tex\latex\00miktex\color.cfg"
File: color.cfg 2007/01/18 v1.5 color configuration of teTeX/TeXLive
)
Package xcolor Info: Driver file: pdftex.def on input line 225.
Package xcolor Info: Model `cmy' substituted by `cmy0' on input line 1337.
Package xcolor Info: Model `hsb' substituted by `rgb' on input line 1341.
Package xcolor Info: Model `RGB' extended on input line 1353.
Package xcolor Info: Model `HTML' substituted by `rgb' on input line 1355.
Package xcolor Info: Model `Hsb' substituted by `hsb' on input line 1356.
Package xcolor Info: Model `tHsb' substituted by `hsb' on input line 1357.
Package xcolor Info: Model `HSB' substituted by `hsb' on input line 1358.
Package xcolor Info: Model `Gray' substituted by `gray' on input line 1359.
Package xcolor Info: Model `wave' substituted by `hsb' on input line 1360.
)
("C:\Dokumente und Einstellungen\Peter\Anwendungsdaten\MiKTeX\2.9\tex\generic\pgf\basiclayer\pgfcore.code.tex"
Package: pgfcore 2010/04/11 v2.10 (rcs-revision 1.7)

("C:\Dokumente und Einstellungen\Peter\Anwendungsdaten\MiKTeX\2.9\tex\generic\pgf\math\pgfmath.code.tex"
("C:\Dokumente und Einstellungen\Peter\Anwendungsdaten\MiKTeX\2.9\tex\generic\pgf\math\pgfmathcalc.code.tex"
("C:\Dokumente und Einstellungen\Peter\Anwendungsdaten\MiKTeX\2.9\tex\generic\pgf\math\pgfmathutil.code.tex")
("C:\Dokumente und Einstellungen\Peter\Anwendungsdaten\MiKTeX\2.9\tex\generic\pgf\math\pgfmathparser.code.tex"
\pgfmath@dimen=\dimen112
\pgfmath@count=\count86
\pgfmath@box=\box27
\pgfmath@toks=\toks19
\pgfmath@stack@operand=\toks20
\pgfmath@stack@operation=\toks21
)
("C:\Dokumente und Einstellungen\Peter\Anwendungsdaten\MiKTeX\2.9\tex\generic\pgf\math\pgfmathfunctions.code.tex"
("C:\Dokumente und Einstellungen\Peter\Anwendungsdaten\MiKTeX\2.9\tex\generic\pgf\math\pgfmathfunctions.basic.code.tex")

("C:\Dokumente und Einstellungen\Peter\Anwendungsdaten\MiKTeX\2.9\tex\generic\pgf\math\pgfmathfunctions.trigonometric.co
de.tex")
("C:\Dokumente und Einstellungen\Peter\Anwendungsdaten\MiKTeX\2.9\tex\generic\pgf\math\pgfmathfunctions.random.code.tex"
)
("C:\Dokumente und Einstellungen\Peter\Anwendungsdaten\MiKTeX\2.9\tex\generic\pgf\math\pgfmathfunctions.comparison.code.
tex")
("C:\Dokumente und Einstellungen\Peter\Anwendungsdaten\MiKTeX\2.9\tex\generic\pgf\math\pgfmathfunctions.base.code.tex")
("C:\Dokumente und Einstellungen\Peter\Anwendungsdaten\MiKTeX\2.9\tex\generic\pgf\math\pgfmathfunctions.round.code.tex")
("C:\Dokumente und Einstellungen\Peter\Anwendungsdaten\MiKTeX\2.9\tex\generic\pgf\math\pgfmathfunctions.misc.code.tex"))
) ("C:\Dokumente und Einstellungen\Peter\Anwendungsdaten\MiKTeX\2.9\tex\generic\pgf\math\pgfmathfloat.code.tex"
\c@pgfmathroundto@lastzeros=\count87
))
("C:\Dokumente und Einstellungen\Peter\Anwendungsdaten\MiKTeX\2.9\tex\generic\pgf\basiclayer\pgfcorepoints.code.tex"
File: pgfcorepoints.code.tex 2010/04/09  (rcs-revision 1.20)
\pgf@picminx=\dimen113
\pgf@picmaxx=\dimen114
\pgf@picminy=\dimen115
\pgf@picmaxy=\dimen116
\pgf@pathminx=\dimen117
\pgf@pathmaxx=\dimen118
\pgf@pathminy=\dimen119
\pgf@pathmaxy=\dimen120
\pgf@xx=\dimen121
\pgf@xy=\dimen122
\pgf@yx=\dimen123
\pgf@yy=\dimen124
\pgf@zx=\dimen125
\pgf@zy=\dimen126
)
("C:\Dokumente und Einstellungen\Peter\Anwendungsdaten\MiKTeX\2.9\tex\generic\pgf\basiclayer\pgfcorepathconstruct.code.t
ex"
File: pgfcorepathconstruct.code.tex 2010/08/03  (rcs-revision 1.24)
\pgf@path@lastx=\dimen127
\pgf@path@lasty=\dimen128
)
("C:\Dokumente und Einstellungen\Peter\Anwendungsdaten\MiKTeX\2.9\tex\generic\pgf\basiclayer\pgfcorepathusage.code.tex"
File: pgfcorepathusage.code.tex 2008/04/22  (rcs-revision 1.12)
\pgf@shorten@end@additional=\dimen129
\pgf@shorten@start@additional=\dimen130
) ("C:\Dokumente und Einstellungen\Peter\Anwendungsdaten\MiKTeX\2.9\tex\generic\pgf\basiclayer\pgfcorescopes.code.tex"
File: pgfcorescopes.code.tex 2010/09/08  (rcs-revision 1.34)
\pgfpic=\box28
\pgf@hbox=\box29
\pgf@layerbox@main=\box30
\pgf@picture@serial@count=\count88
)
("C:\Dokumente und Einstellungen\Peter\Anwendungsdaten\MiKTeX\2.9\tex\generic\pgf\basiclayer\pgfcoregraphicstate.code.te
x"
File: pgfcoregraphicstate.code.tex 2008/04/22  (rcs-revision 1.9)
\pgflinewidth=\dimen131
)
("C:\Dokumente und Einstellungen\Peter\Anwendungsdaten\MiKTeX\2.9\tex\generic\pgf\basiclayer\pgfcoretransformations.code
.tex"
File: pgfcoretransformations.code.tex 2009/06/10  (rcs-revision 1.11)
\pgf@pt@x=\dimen132
\pgf@pt@y=\dimen133
\pgf@pt@temp=\dimen134
) ("C:\Dokumente und Einstellungen\Peter\Anwendungsdaten\MiKTeX\2.9\tex\generic\pgf\basiclayer\pgfcorequick.code.tex"
File: pgfcorequick.code.tex 2008/10/09  (rcs-revision 1.3)
) ("C:\Dokumente und Einstellungen\Peter\Anwendungsdaten\MiKTeX\2.9\tex\generic\pgf\basiclayer\pgfcoreobjects.code.tex"
File: pgfcoreobjects.code.tex 2006/10/11  (rcs-revision 1.2)
)
("C:\Dokumente und Einstellungen\Peter\Anwendungsdaten\MiKTeX\2.9\tex\generic\pgf\basiclayer\pgfcorepathprocessing.code.
tex"
File: pgfcorepathprocessing.code.tex 2008/10/09  (rcs-revision 1.8)
) ("C:\Dokumente und Einstellungen\Peter\Anwendungsdaten\MiKTeX\2.9\tex\generic\pgf\basiclayer\pgfcorearrows.code.tex"
File: pgfcorearrows.code.tex 2008/04/23  (rcs-revision 1.11)
) ("C:\Dokumente und Einstellungen\Peter\Anwendungsdaten\MiKTeX\2.9\tex\generic\pgf\basiclayer\pgfcoreshade.code.tex"
File: pgfcoreshade.code.tex 2008/11/23  (rcs-revision 1.13)
\pgf@max=\dimen135
\pgf@sys@shading@range@num=\count89
) ("C:\Dokumente und Einstellungen\Peter\Anwendungsdaten\MiKTeX\2.9\tex\generic\pgf\basiclayer\pgfcoreimage.code.tex"
File: pgfcoreimage.code.tex 2010/03/25  (rcs-revision 1.16)

("C:\Dokumente und Einstellungen\Peter\Anwendungsdaten\MiKTeX\2.9\tex\generic\pgf\basiclayer\pgfcoreexternal.code.tex"
File: pgfcoreexternal.code.tex 2010/09/01  (rcs-revision 1.17)
\pgfexternal@startupbox=\box31
)) ("C:\Dokumente und Einstellungen\Peter\Anwendungsdaten\MiKTeX\2.9\tex\generic\pgf\basiclayer\pgfcorelayers.code.tex"
File: pgfcorelayers.code.tex 2010/08/27  (rcs-revision 1.2)
)
("C:\Dokumente und Einstellungen\Peter\Anwendungsdaten\MiKTeX\2.9\tex\generic\pgf\basiclayer\pgfcoretransparency.code.te
x"
File: pgfcoretransparency.code.tex 2008/01/17  (rcs-revision 1.2)
) ("C:\Dokumente und Einstellungen\Peter\Anwendungsdaten\MiKTeX\2.9\tex\generic\pgf\basiclayer\pgfcorepatterns.code.tex"
File: pgfcorepatterns.code.tex 2009/07/02  (rcs-revision 1.3)
))) ("C:\Dokumente und Einstellungen\Peter\Anwendungsdaten\MiKTeX\2.9\tex\generic\pgf\modules\pgfmoduleshapes.code.tex"
File: pgfmoduleshapes.code.tex 2010/09/09  (rcs-revision 1.13)
\pgfnodeparttextbox=\box32
) ("C:\Dokumente und Einstellungen\Peter\Anwendungsdaten\MiKTeX\2.9\tex\generic\pgf\modules\pgfmoduleplot.code.tex"
File: pgfmoduleplot.code.tex 2010/10/22  (rcs-revision 1.8)
)
("C:\Dokumente und Einstellungen\Peter\Anwendungsdaten\MiKTeX\2.9\tex\latex\pgf\compatibility\pgfcomp-version-0-65.sty"
Package: pgfcomp-version-0-65 2007/07/03 v2.10 (rcs-revision 1.7)
\pgf@nodesepstart=\dimen136
\pgf@nodesepend=\dimen137
) ("C:\Dokumente und Einstellungen\Peter\Anwendungsdaten\MiKTeX\2.9\tex\latex\pgf\compatibility\pgfcomp-version-1-18.sty
"
Package: pgfcomp-version-1-18 2007/07/23 v2.10 (rcs-revision 1.1)
)) ("C:\Dokumente und Einstellungen\Peter\Anwendungsdaten\MiKTeX\2.9\tex\latex\pgf\utilities\pgffor.sty"
("C:\Dokumente und Einstellungen\Peter\Anwendungsdaten\MiKTeX\2.9\tex\latex\pgf\utilities\pgfkeys.sty"
("C:\Dokumente und Einstellungen\Peter\Anwendungsdaten\MiKTeX\2.9\tex\generic\pgf\utilities\pgfkeys.code.tex"))
("C:\Dokumente und Einstellungen\Peter\Anwendungsdaten\MiKTeX\2.9\tex\generic\pgf\utilities\pgffor.code.tex"
Package: pgffor 2010/03/23 v2.10 (rcs-revision 1.18)
\pgffor@iter=\dimen138
\pgffor@skip=\dimen139
\pgffor@stack=\toks22
\pgffor@toks=\toks23
))
("C:\Dokumente und Einstellungen\Peter\Anwendungsdaten\MiKTeX\2.9\tex\generic\pgf\frontendlayer\tikz\tikz.code.tex"
Package: tikz 2010/10/13 v2.10 (rcs-revision 1.76)

("C:\Dokumente und Einstellungen\Peter\Anwendungsdaten\MiKTeX\2.9\tex\generic\pgf\libraries\pgflibraryplothandlers.code.
tex"
File: pgflibraryplothandlers.code.tex 2010/05/31 v2.10 (rcs-revision 1.15)
\pgf@plot@mark@count=\count90
\pgfplotmarksize=\dimen140
)
\tikz@lastx=\dimen141
\tikz@lasty=\dimen142
\tikz@lastxsaved=\dimen143
\tikz@lastysaved=\dimen144
\tikzleveldistance=\dimen145
\tikzsiblingdistance=\dimen146
\tikz@figbox=\box33
\tikz@tempbox=\box34
\tikztreelevel=\count91
\tikznumberofchildren=\count92
\tikznumberofcurrentchild=\count93
\tikz@fig@count=\count94
 ("C:\Dokumente und Einstellungen\Peter\Anwendungsdaten\MiKTeX\2.9\tex\generic\pgf\modules\pgfmodulematrix.code.tex"
File: pgfmodulematrix.code.tex 2010/08/24  (rcs-revision 1.4)
\pgfmatrixcurrentrow=\count95
\pgfmatrixcurrentcolumn=\count96
\pgf@matrix@numberofcolumns=\count97
)
\tikz@expandcount=\count98

("C:\Dokumente und Einstellungen\Peter\Anwendungsdaten\MiKTeX\2.9\tex\generic\pgf\frontendlayer\tikz\libraries\tikzlibra
rytopaths.code.tex"
File: tikzlibrarytopaths.code.tex 2008/06/17 v2.10 (rcs-revision 1.2)
)))
("C:\Dokumente und Einstellungen\Peter\Anwendungsdaten\MiKTeX\2.9\tex\generic\pgf\frontendlayer\tikz\libraries\tikzlibra
ryplotmarks.code.tex"
File: tikzlibraryplotmarks.code.tex 2008/01/09 v2.10 (rcs-revision 1.1)

("C:\Dokumente und Einstellungen\Peter\Anwendungsdaten\MiKTeX\2.9\tex\generic\pgf\libraries\pgflibraryplotmarks.code.tex
"
File: pgflibraryplotmarks.code.tex 2010/10/15 v2.10 (rcs-revision 1.12)
)) ("C:\Programme\MiKTeX 2.9\tex\latex\tools\verbatim.sty"
Package: verbatim 2003/08/22 v1.5q LaTeX2e package for verbatim enhancements
\every@verbatim=\toks24
\verbatim@line=\toks25
\verbatim@in@stream=\read2
)
("C:\Dokumente und Einstellungen\Peter\Anwendungsdaten\MiKTeX\2.9\tex\latex\preview\preview.sty"
Package: preview 2010/02/14 11.86 (AUCTeX/preview-latex)

("C:\Dokumente und Einstellungen\Peter\Anwendungsdaten\MiKTeX\2.9\tex\latex\preview\prtightpage.def"
\PreviewBorder=\dimen147
)
\pr@snippet=\count99
\pr@box=\box35
\pr@output=\toks26
)

LaTeX Warning: File `div_soft.data' already exists on the system.
               Not generating it from this source.


LaTeX Warning: File `div_ciu.data' already exists on the system.
               Not generating it from this source.


LaTeX Warning: File `div_ciu_oscar.data' already exists on the system.
               Not generating it from this source.


LaTeX Warning: File `div_ciu_oscar_extrapolated.data' already exists on the system.
               Not generating it from this source.

(D:\Skripte_Vorlesung_2014_05_21\Tikz\line-plot-CONV-1.aux)
LaTeX Font Info:    Checking defaults for OML/cmm/m/it on input line 69.
LaTeX Font Info:    ... okay on input line 69.
LaTeX Font Info:    Checking defaults for T1/cmr/m/n on input line 69.
LaTeX Font Info:    ... okay on input line 69.
LaTeX Font Info:    Checking defaults for OT1/cmr/m/n on input line 69.
LaTeX Font Info:    ... okay on input line 69.
LaTeX Font Info:    Checking defaults for OMS/cmsy/m/n on input line 69.
LaTeX Font Info:    ... okay on input line 69.
LaTeX Font Info:    Checking defaults for OMX/cmex/m/n on input line 69.
LaTeX Font Info:    ... okay on input line 69.
LaTeX Font Info:    Checking defaults for U/cmr/m/n on input line 69.
LaTeX Font Info:    ... okay on input line 69.
 ABD: EveryShipout initializing macros
("C:\Dokumente und Einstellungen\Peter\Anwendungsdaten\MiKTeX\2.9\tex\context\base\supp-pdf.mkii"
[Loading MPS to PDF converter (version 2006.09.02).]
\scratchcounter=\count100
\scratchdimen=\dimen148
\scratchbox=\box36
\nofMPsegments=\count101
\nofMParguments=\count102
\everyMPshowfont=\toks27
\MPscratchCnt=\count103
\MPscratchDim=\dimen149
\MPnumerator=\count104
\makeMPintoPDFobject=\count105
\everyMPtoPDFconversion=\toks28
)
Preview: Fontsize 10pt
Preview: PDFoutput 1
Preview: Tightpage -327680 -327680 327680 327680
[1{C:/Dokumente und Einstellungen/Peter/Lokale Einstellungen/Anwendungsdaten/MiKTeX/2.9/pdftex/config/pdftex.map}]
(D:\Skripte_Vorlesung_2014_05_21\Tikz\line-plot-CONV-1.aux) ) 
Here is how much of TeX's memory you used:
 9499 strings out of 493921
 189784 string characters out of 3148820
 230466 words of memory out of 3000000
 12633 multiletter control sequences out of 15000+200000
 3945 words of font info for 15 fonts, out of 3000000 for 9000
 841 hyphenation exceptions out of 8191
 56i,7n,55p,433b,633s stack positions out of 5000i,500n,10000p,200000b,50000s
<C:/Programme/MiKTeX 2.9/fonts/type1/public/amsfonts/cm/cms
s10.pfb>
Output written on line-plot-CONV-1.pdf (1 page, 16530 bytes).
PDF statistics:
 13 PDF objects out of 1000 (max. 8388607)
 0 named destinations out of 1000 (max. 500000)
 13 words of extra memory for PDF output out of 10000 (max. 10000000)

