This is pdfTeX, Version 3.1415926-2.5-1.40.14 (MiKTeX 2.9) (preloaded format=pdflatex 2014.1.19)  26 JUN 2014 16:01
entering extended mode
**more-tikz-timing-examples.tex
(D:\Skripte_Vorlesung_2014_06_18\Tikz\more-tikz-timing-examples.tex
LaTeX2e <2011/06/27>
Babel <v3.8m> and hyphenation patterns for english, afrikaans, ancientgreek, arabic, armenian, assamese, basque, bengali
, bokmal, bulgarian, catalan, coptic, croatian, czech, danish, dutch, esperanto, estonian, farsi, finnish, french, galic
ian, german, german-x-2013-05-26, greek, gujarati, hindi, hungarian, icelandic, indonesian, interlingua, irish, italian,
 kannada, kurmanji, latin, latvian, lithuanian, malayalam, marathi, mongolian, mongolianlmc, monogreek, ngerman, ngerman
-x-2013-05-26, nynorsk, oriya, panjabi, pinyin, polish, portuguese, romanian, russian, sanskrit, serbian, slovak, sloven
ian, spanish, swedish, swissgerman, tamil, telugu, turkish, turkmen, ukenglish, ukrainian, uppersorbian, usenglishmax, w
elsh, loaded.
("C:\Programme\MiKTeX 2.9\tex\latex\base\article.cls"
Document Class: article 2007/10/19 v1.4h Standard LaTeX document class
("C:\Programme\MiKTeX 2.9\tex\latex\base\size10.clo"
File: size10.clo 2007/10/19 v1.4h Standard LaTeX file (size option)
)
\c@part=\count79
\c@section=\count80
\c@subsection=\count81
\c@subsubsection=\count82
\c@paragraph=\count83
\c@subparagraph=\count84
\c@figure=\count85
\c@table=\count86
\abovecaptionskip=\skip41
\belowcaptionskip=\skip42
\bibindent=\dimen102
) ("C:\Programme\MiKTeX 2.9\tex\latex\tools\verbatim.sty"
Package: verbatim 2003/08/22 v1.5q LaTeX2e package for verbatim enhancements
\every@verbatim=\toks14
\verbatim@line=\toks15
\verbatim@in@stream=\read1
)
("C:\Dokumente und Einstellungen\Peter\Anwendungsdaten\MiKTeX\2.9\tex\latex\tikz-timing\tikz-timing.sty"
("C:\Dokumente und Einstellungen\Peter\Anwendungsdaten\MiKTeX\2.9\tex\latex\svn-prov\svn-prov.sty"
Package: svn-prov 2010/04/24 v3.1862 Package Date/Version from SVN Keywords
)
Package: tikz-timing 2011/01/09 v0.7d Digital Timing Diagrams using TikZ

("C:\Dokumente und Einstellungen\Peter\Anwendungsdaten\MiKTeX\2.9\tex\latex\pgf\frontendlayer\tikz.sty"
("C:\Dokumente und Einstellungen\Peter\Anwendungsdaten\MiKTeX\2.9\tex\latex\pgf\basiclayer\pgf.sty"
("C:\Dokumente und Einstellungen\Peter\Anwendungsdaten\MiKTeX\2.9\tex\latex\pgf\utilities\pgfrcs.sty"
("C:\Dokumente und Einstellungen\Peter\Anwendungsdaten\MiKTeX\2.9\tex\generic\pgf\utilities\pgfutil-common.tex"
\pgfutil@everybye=\toks16
)
("C:\Dokumente und Einstellungen\Peter\Anwendungsdaten\MiKTeX\2.9\tex\generic\pgf\utilities\pgfutil-latex.def"
\pgfutil@abb=\box26

("C:\Dokumente und Einstellungen\Peter\Anwendungsdaten\MiKTeX\2.9\tex\latex\ms\everyshi.sty"
Package: everyshi 2001/05/15 v3.00 EveryShipout Package (MS)
))
("C:\Dokumente und Einstellungen\Peter\Anwendungsdaten\MiKTeX\2.9\tex\generic\pgf\utilities\pgfrcs.code.tex"
Package: pgfrcs 2010/10/25 v2.10 (rcs-revision 1.24)
))
Package: pgf 2008/01/15 v2.10 (rcs-revision 1.12)

("C:\Dokumente und Einstellungen\Peter\Anwendungsdaten\MiKTeX\2.9\tex\latex\pgf\basiclayer\pgfcore.sty"
("C:\Programme\MiKTeX 2.9\tex\latex\graphics\graphicx.sty"
Package: graphicx 1999/02/16 v1.0f Enhanced LaTeX Graphics (DPC,SPQR)
 ("C:\Programme\MiKTeX 2.9\tex\latex\graphics\keyval.sty"
Package: keyval 1999/03/16 v1.13 key=value parser (DPC)
\KV@toks@=\toks17
)
("C:\Programme\MiKTeX 2.9\tex\latex\graphics\graphics.sty"
Package: graphics 2009/02/05 v1.0o Standard LaTeX Graphics (DPC,SPQR)
 ("C:\Programme\MiKTeX 2.9\tex\latex\graphics\trig.sty"
Package: trig 1999/03/16 v1.09 sin cos tan (DPC)
)
("C:\Programme\MiKTeX 2.9\tex\latex\00miktex\graphics.cfg"
File: graphics.cfg 2007/01/18 v1.5 graphics configuration of teTeX/TeXLive
)
Package graphics Info: Driver file: pdftex.def on input line 91.
 ("C:\Programme\MiKTeX 2.9\tex\latex\pdftex-def\pdftex.def"
File: pdftex.def 2011/05/27 v0.06d Graphics/color for pdfTeX

("C:\Programme\MiKTeX 2.9\tex\generic\oberdiek\infwarerr.sty"
Package: infwarerr 2010/04/08 v1.3 Providing info/warning/error messages (HO)
) ("C:\Programme\MiKTeX 2.9\tex\generic\oberdiek\ltxcmds.sty"
Package: ltxcmds 2011/11/09 v1.22 LaTeX kernel commands for general use (HO)
)
\Gread@gobject=\count87
))
\Gin@req@height=\dimen103
\Gin@req@width=\dimen104
) ("C:\Dokumente und Einstellungen\Peter\Anwendungsdaten\MiKTeX\2.9\tex\latex\pgf\systemlayer\pgfsys.sty"
("C:\Dokumente und Einstellungen\Peter\Anwendungsdaten\MiKTeX\2.9\tex\generic\pgf\systemlayer\pgfsys.code.tex"
Package: pgfsys 2010/06/30 v2.10 (rcs-revision 1.37)

("C:\Dokumente und Einstellungen\Peter\Anwendungsdaten\MiKTeX\2.9\tex\generic\pgf\utilities\pgfkeys.code.tex"
\pgfkeys@pathtoks=\toks18
\pgfkeys@temptoks=\toks19

("C:\Dokumente und Einstellungen\Peter\Anwendungsdaten\MiKTeX\2.9\tex\generic\pgf\utilities\pgfkeysfiltered.code.tex"
\pgfkeys@tmptoks=\toks20
))
\pgf@x=\dimen105
\pgf@y=\dimen106
\pgf@xa=\dimen107
\pgf@ya=\dimen108
\pgf@xb=\dimen109
\pgf@yb=\dimen110
\pgf@xc=\dimen111
\pgf@yc=\dimen112
\w@pgf@writea=\write3
\r@pgf@reada=\read2
\c@pgf@counta=\count88
\c@pgf@countb=\count89
\c@pgf@countc=\count90
\c@pgf@countd=\count91

("C:\Dokumente und Einstellungen\Peter\Anwendungsdaten\MiKTeX\2.9\tex\generic\pgf\systemlayer\pgf.cfg"
File: pgf.cfg 2008/05/14  (rcs-revision 1.7)
)
Package pgfsys Info: Driver file for pgf: pgfsys-pdftex.def on input line 900.

("C:\Dokumente und Einstellungen\Peter\Anwendungsdaten\MiKTeX\2.9\tex\generic\pgf\systemlayer\pgfsys-pdftex.def"
File: pgfsys-pdftex.def 2009/05/22  (rcs-revision 1.26)

("C:\Dokumente und Einstellungen\Peter\Anwendungsdaten\MiKTeX\2.9\tex\generic\pgf\systemlayer\pgfsys-common-pdf.def"
File: pgfsys-common-pdf.def 2008/05/19  (rcs-revision 1.10)
)))
("C:\Dokumente und Einstellungen\Peter\Anwendungsdaten\MiKTeX\2.9\tex\generic\pgf\systemlayer\pgfsyssoftpath.code.tex"
File: pgfsyssoftpath.code.tex 2008/07/18  (rcs-revision 1.7)
\pgfsyssoftpath@smallbuffer@items=\count92
\pgfsyssoftpath@bigbuffer@items=\count93
)
("C:\Dokumente und Einstellungen\Peter\Anwendungsdaten\MiKTeX\2.9\tex\generic\pgf\systemlayer\pgfsysprotocol.code.tex"
File: pgfsysprotocol.code.tex 2006/10/16  (rcs-revision 1.4)
)) ("C:\Dokumente und Einstellungen\Peter\Anwendungsdaten\MiKTeX\2.9\tex\latex\xcolor\xcolor.sty"
Package: xcolor 2007/01/21 v2.11 LaTeX color extensions (UK)

("C:\Programme\MiKTeX 2.9\tex\latex\00miktex\color.cfg"
File: color.cfg 2007/01/18 v1.5 color configuration of teTeX/TeXLive
)
Package xcolor Info: Driver file: pdftex.def on input line 225.
Package xcolor Info: Model `cmy' substituted by `cmy0' on input line 1337.
Package xcolor Info: Model `hsb' substituted by `rgb' on input line 1341.
Package xcolor Info: Model `RGB' extended on input line 1353.
Package xcolor Info: Model `HTML' substituted by `rgb' on input line 1355.
Package xcolor Info: Model `Hsb' substituted by `hsb' on input line 1356.
Package xcolor Info: Model `tHsb' substituted by `hsb' on input line 1357.
Package xcolor Info: Model `HSB' substituted by `hsb' on input line 1358.
Package xcolor Info: Model `Gray' substituted by `gray' on input line 1359.
Package xcolor Info: Model `wave' substituted by `hsb' on input line 1360.
)
("C:\Dokumente und Einstellungen\Peter\Anwendungsdaten\MiKTeX\2.9\tex\generic\pgf\basiclayer\pgfcore.code.tex"
Package: pgfcore 2010/04/11 v2.10 (rcs-revision 1.7)

("C:\Dokumente und Einstellungen\Peter\Anwendungsdaten\MiKTeX\2.9\tex\generic\pgf\math\pgfmath.code.tex"
("C:\Dokumente und Einstellungen\Peter\Anwendungsdaten\MiKTeX\2.9\tex\generic\pgf\math\pgfmathcalc.code.tex"
("C:\Dokumente und Einstellungen\Peter\Anwendungsdaten\MiKTeX\2.9\tex\generic\pgf\math\pgfmathutil.code.tex")
("C:\Dokumente und Einstellungen\Peter\Anwendungsdaten\MiKTeX\2.9\tex\generic\pgf\math\pgfmathparser.code.tex"
\pgfmath@dimen=\dimen113
\pgfmath@count=\count94
\pgfmath@box=\box27
\pgfmath@toks=\toks21
\pgfmath@stack@operand=\toks22
\pgfmath@stack@operation=\toks23
)
("C:\Dokumente und Einstellungen\Peter\Anwendungsdaten\MiKTeX\2.9\tex\generic\pgf\math\pgfmathfunctions.code.tex"
("C:\Dokumente und Einstellungen\Peter\Anwendungsdaten\MiKTeX\2.9\tex\generic\pgf\math\pgfmathfunctions.basic.code.tex")

("C:\Dokumente und Einstellungen\Peter\Anwendungsdaten\MiKTeX\2.9\tex\generic\pgf\math\pgfmathfunctions.trigonometric.co
de.tex")
("C:\Dokumente und Einstellungen\Peter\Anwendungsdaten\MiKTeX\2.9\tex\generic\pgf\math\pgfmathfunctions.random.code.tex"
)
("C:\Dokumente und Einstellungen\Peter\Anwendungsdaten\MiKTeX\2.9\tex\generic\pgf\math\pgfmathfunctions.comparison.code.
tex")
("C:\Dokumente und Einstellungen\Peter\Anwendungsdaten\MiKTeX\2.9\tex\generic\pgf\math\pgfmathfunctions.base.code.tex")
("C:\Dokumente und Einstellungen\Peter\Anwendungsdaten\MiKTeX\2.9\tex\generic\pgf\math\pgfmathfunctions.round.code.tex")
("C:\Dokumente und Einstellungen\Peter\Anwendungsdaten\MiKTeX\2.9\tex\generic\pgf\math\pgfmathfunctions.misc.code.tex"))
) ("C:\Dokumente und Einstellungen\Peter\Anwendungsdaten\MiKTeX\2.9\tex\generic\pgf\math\pgfmathfloat.code.tex"
\c@pgfmathroundto@lastzeros=\count95
))
("C:\Dokumente und Einstellungen\Peter\Anwendungsdaten\MiKTeX\2.9\tex\generic\pgf\basiclayer\pgfcorepoints.code.tex"
File: pgfcorepoints.code.tex 2010/04/09  (rcs-revision 1.20)
\pgf@picminx=\dimen114
\pgf@picmaxx=\dimen115
\pgf@picminy=\dimen116
\pgf@picmaxy=\dimen117
\pgf@pathminx=\dimen118
\pgf@pathmaxx=\dimen119
\pgf@pathminy=\dimen120
\pgf@pathmaxy=\dimen121
\pgf@xx=\dimen122
\pgf@xy=\dimen123
\pgf@yx=\dimen124
\pgf@yy=\dimen125
\pgf@zx=\dimen126
\pgf@zy=\dimen127
)
("C:\Dokumente und Einstellungen\Peter\Anwendungsdaten\MiKTeX\2.9\tex\generic\pgf\basiclayer\pgfcorepathconstruct.code.t
ex"
File: pgfcorepathconstruct.code.tex 2010/08/03  (rcs-revision 1.24)
\pgf@path@lastx=\dimen128
\pgf@path@lasty=\dimen129
)
("C:\Dokumente und Einstellungen\Peter\Anwendungsdaten\MiKTeX\2.9\tex\generic\pgf\basiclayer\pgfcorepathusage.code.tex"
File: pgfcorepathusage.code.tex 2008/04/22  (rcs-revision 1.12)
\pgf@shorten@end@additional=\dimen130
\pgf@shorten@start@additional=\dimen131
) ("C:\Dokumente und Einstellungen\Peter\Anwendungsdaten\MiKTeX\2.9\tex\generic\pgf\basiclayer\pgfcorescopes.code.tex"
File: pgfcorescopes.code.tex 2010/09/08  (rcs-revision 1.34)
\pgfpic=\box28
\pgf@hbox=\box29
\pgf@layerbox@main=\box30
\pgf@picture@serial@count=\count96
)
("C:\Dokumente und Einstellungen\Peter\Anwendungsdaten\MiKTeX\2.9\tex\generic\pgf\basiclayer\pgfcoregraphicstate.code.te
x"
File: pgfcoregraphicstate.code.tex 2008/04/22  (rcs-revision 1.9)
\pgflinewidth=\dimen132
)
("C:\Dokumente und Einstellungen\Peter\Anwendungsdaten\MiKTeX\2.9\tex\generic\pgf\basiclayer\pgfcoretransformations.code
.tex"
File: pgfcoretransformations.code.tex 2009/06/10  (rcs-revision 1.11)
\pgf@pt@x=\dimen133
\pgf@pt@y=\dimen134
\pgf@pt@temp=\dimen135
) ("C:\Dokumente und Einstellungen\Peter\Anwendungsdaten\MiKTeX\2.9\tex\generic\pgf\basiclayer\pgfcorequick.code.tex"
File: pgfcorequick.code.tex 2008/10/09  (rcs-revision 1.3)
) ("C:\Dokumente und Einstellungen\Peter\Anwendungsdaten\MiKTeX\2.9\tex\generic\pgf\basiclayer\pgfcoreobjects.code.tex"
File: pgfcoreobjects.code.tex 2006/10/11  (rcs-revision 1.2)
)
("C:\Dokumente und Einstellungen\Peter\Anwendungsdaten\MiKTeX\2.9\tex\generic\pgf\basiclayer\pgfcorepathprocessing.code.
tex"
File: pgfcorepathprocessing.code.tex 2008/10/09  (rcs-revision 1.8)
) ("C:\Dokumente und Einstellungen\Peter\Anwendungsdaten\MiKTeX\2.9\tex\generic\pgf\basiclayer\pgfcorearrows.code.tex"
File: pgfcorearrows.code.tex 2008/04/23  (rcs-revision 1.11)
) ("C:\Dokumente und Einstellungen\Peter\Anwendungsdaten\MiKTeX\2.9\tex\generic\pgf\basiclayer\pgfcoreshade.code.tex"
File: pgfcoreshade.code.tex 2008/11/23  (rcs-revision 1.13)
\pgf@max=\dimen136
\pgf@sys@shading@range@num=\count97
) ("C:\Dokumente und Einstellungen\Peter\Anwendungsdaten\MiKTeX\2.9\tex\generic\pgf\basiclayer\pgfcoreimage.code.tex"
File: pgfcoreimage.code.tex 2010/03/25  (rcs-revision 1.16)

("C:\Dokumente und Einstellungen\Peter\Anwendungsdaten\MiKTeX\2.9\tex\generic\pgf\basiclayer\pgfcoreexternal.code.tex"
File: pgfcoreexternal.code.tex 2010/09/01  (rcs-revision 1.17)
\pgfexternal@startupbox=\box31
)) ("C:\Dokumente und Einstellungen\Peter\Anwendungsdaten\MiKTeX\2.9\tex\generic\pgf\basiclayer\pgfcorelayers.code.tex"
File: pgfcorelayers.code.tex 2010/08/27  (rcs-revision 1.2)
)
("C:\Dokumente und Einstellungen\Peter\Anwendungsdaten\MiKTeX\2.9\tex\generic\pgf\basiclayer\pgfcoretransparency.code.te
x"
File: pgfcoretransparency.code.tex 2008/01/17  (rcs-revision 1.2)
) ("C:\Dokumente und Einstellungen\Peter\Anwendungsdaten\MiKTeX\2.9\tex\generic\pgf\basiclayer\pgfcorepatterns.code.tex"
File: pgfcorepatterns.code.tex 2009/07/02  (rcs-revision 1.3)
))) ("C:\Dokumente und Einstellungen\Peter\Anwendungsdaten\MiKTeX\2.9\tex\generic\pgf\modules\pgfmoduleshapes.code.tex"
File: pgfmoduleshapes.code.tex 2010/09/09  (rcs-revision 1.13)
\pgfnodeparttextbox=\box32
) ("C:\Dokumente und Einstellungen\Peter\Anwendungsdaten\MiKTeX\2.9\tex\generic\pgf\modules\pgfmoduleplot.code.tex"
File: pgfmoduleplot.code.tex 2010/10/22  (rcs-revision 1.8)
)
("C:\Dokumente und Einstellungen\Peter\Anwendungsdaten\MiKTeX\2.9\tex\latex\pgf\compatibility\pgfcomp-version-0-65.sty"
Package: pgfcomp-version-0-65 2007/07/03 v2.10 (rcs-revision 1.7)
\pgf@nodesepstart=\dimen137
\pgf@nodesepend=\dimen138
) ("C:\Dokumente und Einstellungen\Peter\Anwendungsdaten\MiKTeX\2.9\tex\latex\pgf\compatibility\pgfcomp-version-1-18.sty
"
Package: pgfcomp-version-1-18 2007/07/23 v2.10 (rcs-revision 1.1)
)) ("C:\Dokumente und Einstellungen\Peter\Anwendungsdaten\MiKTeX\2.9\tex\latex\pgf\utilities\pgffor.sty"
("C:\Dokumente und Einstellungen\Peter\Anwendungsdaten\MiKTeX\2.9\tex\latex\pgf\utilities\pgfkeys.sty"
("C:\Dokumente und Einstellungen\Peter\Anwendungsdaten\MiKTeX\2.9\tex\generic\pgf\utilities\pgfkeys.code.tex"))
("C:\Dokumente und Einstellungen\Peter\Anwendungsdaten\MiKTeX\2.9\tex\generic\pgf\utilities\pgffor.code.tex"
Package: pgffor 2010/03/23 v2.10 (rcs-revision 1.18)
\pgffor@iter=\dimen139
\pgffor@skip=\dimen140
\pgffor@stack=\toks24
\pgffor@toks=\toks25
))
("C:\Dokumente und Einstellungen\Peter\Anwendungsdaten\MiKTeX\2.9\tex\generic\pgf\frontendlayer\tikz\tikz.code.tex"
Package: tikz 2010/10/13 v2.10 (rcs-revision 1.76)

("C:\Dokumente und Einstellungen\Peter\Anwendungsdaten\MiKTeX\2.9\tex\generic\pgf\libraries\pgflibraryplothandlers.code.
tex"
File: pgflibraryplothandlers.code.tex 2010/05/31 v2.10 (rcs-revision 1.15)
\pgf@plot@mark@count=\count98
\pgfplotmarksize=\dimen141
)
\tikz@lastx=\dimen142
\tikz@lasty=\dimen143
\tikz@lastxsaved=\dimen144
\tikz@lastysaved=\dimen145
\tikzleveldistance=\dimen146
\tikzsiblingdistance=\dimen147
\tikz@figbox=\box33
\tikz@tempbox=\box34
\tikztreelevel=\count99
\tikznumberofchildren=\count100
\tikznumberofcurrentchild=\count101
\tikz@fig@count=\count102
 ("C:\Dokumente und Einstellungen\Peter\Anwendungsdaten\MiKTeX\2.9\tex\generic\pgf\modules\pgfmodulematrix.code.tex"
File: pgfmodulematrix.code.tex 2010/08/24  (rcs-revision 1.4)
\pgfmatrixcurrentrow=\count103
\pgfmatrixcurrentcolumn=\count104
\pgf@matrix@numberofcolumns=\count105
)
\tikz@expandcount=\count106

("C:\Dokumente und Einstellungen\Peter\Anwendungsdaten\MiKTeX\2.9\tex\generic\pgf\frontendlayer\tikz\libraries\tikzlibra
rytopaths.code.tex"
File: tikzlibrarytopaths.code.tex 2008/06/17 v2.10 (rcs-revision 1.2)
)))
("C:\Dokumente und Einstellungen\Peter\Anwendungsdaten\MiKTeX\2.9\tex\generic\pgf\frontendlayer\tikz\libraries\tikzlibra
rycalc.code.tex"
File: tikzlibrarycalc.code.tex 2009/09/04 v2.10 (rcs-revision 1.6)
)
("C:\Dokumente und Einstellungen\Peter\Anwendungsdaten\MiKTeX\2.9\tex\generic\pgf\frontendlayer\tikz\libraries\tikzlibra
rybackgrounds.code.tex"
File: tikzlibrarybackgrounds.code.tex 2010/02/08 v2.10 (rcs-revision 1.2)
\pgf@layerbox@background=\box35
\pgf@layerboxsaved@background=\box36
)
("C:\Dokumente und Einstellungen\Peter\Anwendungsdaten\MiKTeX\2.9\tex\generic\pgf\frontendlayer\tikz\libraries\tikzlibra
rydecorations.pathmorphing.code.tex"
("C:\Dokumente und Einstellungen\Peter\Anwendungsdaten\MiKTeX\2.9\tex\generic\pgf\frontendlayer\tikz\libraries\tikzlibra
rydecorations.code.tex"
("C:\Dokumente und Einstellungen\Peter\Anwendungsdaten\MiKTeX\2.9\tex\generic\pgf\modules\pgfmoduledecorations.code.tex"
\pgfdecoratedcompleteddistance=\dimen148
\pgfdecoratedremainingdistance=\dimen149
\pgfdecoratedinputsegmentcompleteddistance=\dimen150
\pgfdecoratedinputsegmentremainingdistance=\dimen151
\pgf@decorate@distancetomove=\dimen152
\pgf@decorate@repeatstate=\count107
\pgfdecorationsegmentamplitude=\dimen153
\pgfdecorationsegmentlength=\dimen154
)
\tikz@lib@dec@box=\box37
)
("C:\Dokumente und Einstellungen\Peter\Anwendungsdaten\MiKTeX\2.9\tex\generic\pgf\libraries\decorations\pgflibrarydecora
tions.pathmorphing.code.tex")) ("C:\Programme\MiKTeX 2.9\tex\latex\amsmath\amsmath.sty"
Package: amsmath 2013/01/14 v2.14 AMS math features
\@mathmargin=\skip43

For additional information on amsmath, use the `?' option.
("C:\Programme\MiKTeX 2.9\tex\latex\amsmath\amstext.sty"
Package: amstext 2000/06/29 v2.01
 ("C:\Programme\MiKTeX 2.9\tex\latex\amsmath\amsgen.sty"
File: amsgen.sty 1999/11/30 v2.0
\@emptytoks=\toks26
\ex@=\dimen155
))
("C:\Programme\MiKTeX 2.9\tex\latex\amsmath\amsbsy.sty"
Package: amsbsy 1999/11/29 v1.2d
\pmbraise@=\dimen156
) ("C:\Programme\MiKTeX 2.9\tex\latex\amsmath\amsopn.sty"
Package: amsopn 1999/12/14 v2.01 operator names
)
\inf@bad=\count108
LaTeX Info: Redefining \frac on input line 210.
\uproot@=\count109
\leftroot@=\count110
LaTeX Info: Redefining \overline on input line 306.
\classnum@=\count111
\DOTSCASE@=\count112
LaTeX Info: Redefining \ldots on input line 378.
LaTeX Info: Redefining \dots on input line 381.
LaTeX Info: Redefining \cdots on input line 466.
\Mathstrutbox@=\box38
\strutbox@=\box39
\big@size=\dimen157
LaTeX Font Info:    Redeclaring font encoding OML on input line 566.
LaTeX Font Info:    Redeclaring font encoding OMS on input line 567.
\macc@depth=\count113
\c@MaxMatrixCols=\count114
\dotsspace@=\muskip10
\c@parentequation=\count115
\dspbrk@lvl=\count116
\tag@help=\toks27
\row@=\count117
\column@=\count118
\maxfields@=\count119
\andhelp@=\toks28
\eqnshift@=\dimen158
\alignsep@=\dimen159
\tagshift@=\dimen160
\tagwidth@=\dimen161
\totwidth@=\dimen162
\lineht@=\dimen163
\@envbody=\toks29
\multlinegap=\skip44
\multlinetaggap=\skip45
\mathdisplay@stack=\toks30
LaTeX Info: Redefining \[ on input line 2665.
LaTeX Info: Redefining \] on input line 2666.
)
\tikztiming@numint=\count120
\tikztiming@numfrac=\count121
\tikztiming@xunit=\skip46
\tikztiming@yunit=\skip47
\tikztiming@debug=\count122
\c@tikztiming@nrows=\count123
\c@tikztimingrows=\count124
\c@tikztimingtrans=\count125
\c@tikztimingtranspos=\count126
)
("C:\Dokumente und Einstellungen\Peter\Anwendungsdaten\MiKTeX\2.9\tex\latex\tikz-timing\tikz-timing-counters.sty"
Package: tikz-timing-counters 2011/01/09 v0.7d TikZ-Timing Library for counter values


! LaTeX Error: File `pgfopts.sty' not found.

Type X to quit or <RETURN> to proceed,
or enter new name. (Default extension: sty)

Enter file name: 
! Emergency stop.
<read *> 
         
l.259 \ProcessPgfOptions
                        {/tikz/timing/counter}
*** (cannot \read from terminal in nonstop modes)

 
Here is how much of TeX's memory you used:
 10960 strings out of 493921
 222622 string characters out of 3148820
 293132 words of memory out of 3000000
 14073 multiletter control sequences out of 15000+200000
 3640 words of font info for 14 fonts, out of 3000000 for 9000
 841 hyphenation exceptions out of 8191
 62i,0n,59p,453b,101s stack positions out of 5000i,500n,10000p,200000b,50000s
!  ==> Fatal error occurred, no output PDF file produced!
