\BOOKMARK [0][-]{chapter*.3}{List of figures}{}% 1
\BOOKMARK [0][-]{chapter*.4}{List of tables}{}% 2
\BOOKMARK [0][-]{chapter.1}{Introduction}{}% 3
\BOOKMARK [1][-]{section.1.1}{Motivation}{chapter.1}% 4
\BOOKMARK [1][-]{section.1.2}{Network Architecture}{chapter.1}% 5
\BOOKMARK [1][-]{section.1.3}{Objective}{chapter.1}% 6
\BOOKMARK [1][-]{section.1.4}{Scope}{chapter.1}% 7
\BOOKMARK [1][-]{section.1.5}{Overview}{chapter.1}% 8
\BOOKMARK [0][-]{chapter.2}{Fundamentals and Related Work}{}% 9
\BOOKMARK [1][-]{section.2.1}{Software-Defined Networking}{chapter.2}% 10
\BOOKMARK [2][-]{subsection.2.1.1}{Motivation}{section.2.1}% 11
\BOOKMARK [2][-]{subsection.2.1.2}{Software-Defined Networking Concept}{section.2.1}% 12
\BOOKMARK [2][-]{subsection.2.1.3}{SDN Architecture}{section.2.1}% 13
\BOOKMARK [2][-]{subsection.2.1.4}{OpenFlow}{section.2.1}% 14
\BOOKMARK [2][-]{subsection.2.1.5}{Open vSwitch}{section.2.1}% 15
\BOOKMARK [1][-]{section.2.2}{Cloud Computing Infrastructures}{chapter.2}% 16
\BOOKMARK [2][-]{subsection.2.2.1}{OpenStack}{section.2.2}% 17
\BOOKMARK [2][-]{subsection.2.2.2}{OpenStack Compute \(Nova\)}{section.2.2}% 18
\BOOKMARK [2][-]{subsection.2.2.3}{OpenStack Orchestration \(Heat\)}{section.2.2}% 19
\BOOKMARK [2][-]{subsection.2.2.4}{OpenStack Neutron}{section.2.2}% 20
\BOOKMARK [1][-]{section.2.3}{Conclusion}{chapter.2}% 21
\BOOKMARK [0][-]{chapter.3}{Requirements}{}% 22
\BOOKMARK [1][-]{section.3.1}{Functional Requirements}{chapter.3}% 23
\BOOKMARK [2][-]{subsection.3.1.1}{Service-Level Agreement Enforcement}{section.3.1}% 24
\BOOKMARK [2][-]{subsection.3.1.2}{Optimal Virtual Machine Placement}{section.3.1}% 25
\BOOKMARK [2][-]{subsection.3.1.3}{Integration with Elastic Media Manager}{section.3.1}% 26
\BOOKMARK [1][-]{section.3.2}{Non-functional Requirements}{chapter.3}% 27
\BOOKMARK [2][-]{subsection.3.2.1}{Scalability}{section.3.2}% 28
\BOOKMARK [2][-]{subsection.3.2.2}{Modularity}{section.3.2}% 29
\BOOKMARK [2][-]{subsection.3.2.3}{Interoperability}{section.3.2}% 30
\BOOKMARK [0][-]{chapter.4}{State of the Art}{}% 31
\BOOKMARK [1][-]{section.4.1}{Overview}{chapter.4}% 32
\BOOKMARK [1][-]{section.4.2}{OpenDaylight SDN Controller}{chapter.4}% 33
\BOOKMARK [1][-]{section.4.3}{Ryu SDN Controller}{chapter.4}% 34
\BOOKMARK [1][-]{section.4.4}{OpenStack Neutron - QoS Extension}{chapter.4}% 35
\BOOKMARK [1][-]{section.4.5}{Problem Statement}{chapter.4}% 36
\BOOKMARK [1][-]{section.4.6}{Conclusion}{chapter.4}% 37
\BOOKMARK [0][-]{chapter.5}{Design}{}% 38
\BOOKMARK [1][-]{section.5.1}{Architecture Overview}{chapter.5}% 39
\BOOKMARK [1][-]{section.5.2}{Interface between CM Manager \046 Agent}{chapter.5}% 40
\BOOKMARK [1][-]{section.5.3}{Design of Connectivity Manager}{chapter.5}% 41
\BOOKMARK [2][-]{subsection.5.3.1}{Algorithm for Instance Placement}{section.5.3}% 42
\BOOKMARK [2][-]{subsection.5.3.2}{QoS Manager}{section.5.3}% 43
\BOOKMARK [1][-]{section.5.4}{Design of Connectivity Manager Agent}{chapter.5}% 44
\BOOKMARK [0][-]{chapter.6}{Implementation}{}% 45
\BOOKMARK [1][-]{section.6.1}{Environment}{chapter.6}% 46
\BOOKMARK [2][-]{subsection.6.1.1}{Project Structure}{section.6.1}% 47
\BOOKMARK [2][-]{subsection.6.1.2}{Local OpenStack Test Environment}{section.6.1}% 48
\BOOKMARK [1][-]{section.6.2}{Connectivity Manager - Components and Operations}{chapter.6}% 49
\BOOKMARK [2][-]{subsection.6.2.1}{Selection of Best-Performing Hypervisor}{section.6.2}% 50
\BOOKMARK [2][-]{subsection.6.2.2}{Enabling QoS for servers}{section.6.2}% 51
\BOOKMARK [1][-]{section.6.3}{Connectivity Manager Agent - Components and Operations}{chapter.6}% 52
\BOOKMARK [2][-]{subsection.6.3.1}{Get list of all hosts and their utilization state}{section.6.3}% 53
\BOOKMARK [2][-]{subsection.6.3.2}{Set QoS rates for all servers}{section.6.3}% 54
\BOOKMARK [2][-]{subsection.6.3.3}{API}{section.6.3}% 55
\BOOKMARK [1][-]{section.6.4}{Tests}{chapter.6}% 56
\BOOKMARK [0][-]{chapter.7}{Evaluation}{}% 57
\BOOKMARK [1][-]{section.7.1}{Connectivity Manager Integration with NUBOMEDIA project}{chapter.7}% 58
\BOOKMARK [1][-]{section.7.2}{Network Performance Analysis}{chapter.7}% 59
\BOOKMARK [2][-]{subsection.7.2.1}{Test-bed Configuration}{section.7.2}% 60
\BOOKMARK [2][-]{subsection.7.2.2}{Installation of Connectivity Manager Agent}{section.7.2}% 61
\BOOKMARK [2][-]{subsection.7.2.3}{Topology Definition}{section.7.2}% 62
\BOOKMARK [2][-]{subsection.7.2.4}{Scenario 1: Without Instance Placement Engine \046 QoS enabled}{section.7.2}% 63
\BOOKMARK [2][-]{subsection.7.2.5}{Scenario 2: With Instance Placement Engine enabled, but without QoS}{section.7.2}% 64
\BOOKMARK [2][-]{subsection.7.2.6}{Scenario 3: Instance Placement Engine and QoS Manager enabled}{section.7.2}% 65
\BOOKMARK [1][-]{section.7.3}{Conclusion}{chapter.7}% 66
\BOOKMARK [0][-]{chapter.8}{Conclusion}{}% 67
\BOOKMARK [1][-]{section.8.1}{Summary}{chapter.8}% 68
\BOOKMARK [1][-]{section.8.2}{Problems Encountered}{chapter.8}% 69
\BOOKMARK [1][-]{section.8.3}{Future Work}{chapter.8}% 70
\BOOKMARK [0][-]{section.8.3}{Bibliography}{}% 71
\BOOKMARK [0][-]{appendix.A}{List of acronyms}{}% 72
