This is pdfTeX, Version 3.1415926-2.5-1.40.14 (TeX Live 2013/Debian) (format=pdflatex 2014.12.5)  4 JAN 2015 17:38
entering extended mode
 restricted \write18 enabled.
 %&-line parsing enabled.
**bachelor.tex
(./bachelor.tex
LaTeX2e <2011/06/27>
Babel <3.9h> and hyphenation patterns for 2 languages loaded.
(/usr/share/texlive/texmf-dist/tex/latex/base/report.cls
Document Class: report 2007/10/19 v1.4h Standard LaTeX document class
(/usr/share/texlive/texmf-dist/tex/latex/base/size11.clo
File: size11.clo 2007/10/19 v1.4h Standard LaTeX file (size option)
)
\c@part=\count79
\c@chapter=\count80
\c@section=\count81
\c@subsection=\count82
\c@subsubsection=\count83
\c@paragraph=\count84
\c@subparagraph=\count85
\c@figure=\count86
\c@table=\count87
\abovecaptionskip=\skip41
\belowcaptionskip=\skip42
\bibindent=\dimen102
)
(/usr/share/texlive/texmf-dist/tex/latex/base/inputenc.sty
Package: inputenc 2008/03/30 v1.1d Input encoding file
\inpenc@prehook=\toks14
\inpenc@posthook=\toks15

(/usr/share/texlive/texmf-dist/tex/latex/base/latin1.def
File: latin1.def 2008/03/30 v1.1d Input encoding file
))
(/usr/share/texlive/texmf-dist/tex/latex/graphics/graphicx.sty
Package: graphicx 1999/02/16 v1.0f Enhanced LaTeX Graphics (DPC,SPQR)

(/usr/share/texlive/texmf-dist/tex/latex/graphics/keyval.sty
Package: keyval 1999/03/16 v1.13 key=value parser (DPC)
\KV@toks@=\toks16
)
(/usr/share/texlive/texmf-dist/tex/latex/graphics/graphics.sty
Package: graphics 2009/02/05 v1.0o Standard LaTeX Graphics (DPC,SPQR)

(/usr/share/texlive/texmf-dist/tex/latex/graphics/trig.sty
Package: trig 1999/03/16 v1.09 sin cos tan (DPC)
)
(/usr/share/texlive/texmf-dist/tex/latex/latexconfig/graphics.cfg
File: graphics.cfg 2010/04/23 v1.9 graphics configuration of TeX Live
)
Package graphics Info: Driver file: pdftex.def on input line 91.

(/usr/share/texlive/texmf-dist/tex/latex/pdftex-def/pdftex.def
File: pdftex.def 2011/05/27 v0.06d Graphics/color for pdfTeX

(/usr/share/texlive/texmf-dist/tex/generic/oberdiek/infwarerr.sty
Package: infwarerr 2010/04/08 v1.3 Providing info/warning/error messages (HO)
)
(/usr/share/texlive/texmf-dist/tex/generic/oberdiek/ltxcmds.sty
Package: ltxcmds 2011/11/09 v1.22 LaTeX kernel commands for general use (HO)
)
\Gread@gobject=\count88
))
\Gin@req@height=\dimen103
\Gin@req@width=\dimen104
)
(/usr/share/texlive/texmf-dist/tex/latex/float/float.sty
Package: float 2001/11/08 v1.3d Float enhancements (AL)
\c@float@type=\count89
\float@exts=\toks17
\float@box=\box26
\@float@everytoks=\toks18
\@floatcapt=\box27
)
(/usr/share/texlive/texmf-dist/tex/generic/babel/babel.sty
Package: babel 2013/12/03 3.9h The Babel package

(/usr/share/texlive/texmf-dist/tex/generic/babel-english/english.ldf
Language: english 2012/08/20 v3.3p English support from the babel system

(/usr/share/texlive/texmf-dist/tex/generic/babel/babel.def
File: babel.def 2013/12/03 3.9h Babel common definitions
\babel@savecnt=\count90
\U@D=\dimen105
)
\l@british = a dialect from \language\l@english 
\l@UKenglish = a dialect from \language\l@english 
\l@canadian = a dialect from \language\l@american 
\l@australian = a dialect from \language\l@british 
\l@newzealand = a dialect from \language\l@british 
))
(/usr/share/texlive/texmf-dist/tex/latex/amsmath/amstext.sty
Package: amstext 2000/06/29 v2.01

(/usr/share/texlive/texmf-dist/tex/latex/amsmath/amsgen.sty
File: amsgen.sty 1999/11/30 v2.0
\@emptytoks=\toks19
\ex@=\dimen106
))
(/usr/share/texlive/texmf-dist/tex/latex/amsfonts/amsfonts.sty
Package: amsfonts 2013/01/14 v3.01 Basic AMSFonts support
\symAMSa=\mathgroup4
\symAMSb=\mathgroup5
LaTeX Font Info:    Overwriting math alphabet `\mathfrak' in version `bold'
(Font)                  U/euf/m/n --> U/euf/b/n on input line 106.
)
(/usr/share/texlive/texmf-dist/tex/latex/amsfonts/amssymb.sty
Package: amssymb 2013/01/14 v3.01 AMS font symbols
)
(/usr/share/texlive/texmf-dist/tex/latex/tools/bm.sty
Package: bm 2004/02/26 v1.1c Bold Symbol Support (DPC/FMi)
\symboldoperators=\mathgroup6
\symboldletters=\mathgroup7
\symboldsymbols=\mathgroup8
LaTeX Font Info:    Redeclaring math alphabet \mathbf on input line 138.
LaTeX Info: Redefining \bm on input line 204.
)
(/usr/share/texlive/texmf-dist/tex/latex/tools/enumerate.sty
Package: enumerate 1999/03/05 v3.00 enumerate extensions (DPC)
\@enLab=\toks20
)
(/usr/local/share/texmf/tex/latex/footmisc/footmisc.sty
Package: footmisc 2011/06/06 v5.5b a miscellany of footnote facilities
\FN@temptoken=\toks21
\footnotemargin=\dimen107
\c@pp@next@reset=\count91
Package footmisc Info: Declaring symbol style bringhurst on input line 855.
Package footmisc Info: Declaring symbol style chicago on input line 863.
Package footmisc Info: Declaring symbol style wiley on input line 872.
Package footmisc Info: Declaring symbol style lamport-robust on input line 883.

Package footmisc Info: Declaring symbol style lamport* on input line 903.
Package footmisc Info: Declaring symbol style lamport*-robust on input line 924
.
)
(/usr/share/texlive/texmf-dist/tex/latex/tools/array.sty
Package: array 2008/09/09 v2.4c Tabular extension package (FMi)
\col@sep=\dimen108
\extrarowheight=\dimen109
\NC@list=\toks22
\extratabsurround=\skip43
\backup@length=\skip44
)
(/usr/share/texmf/tex/latex/algorithms/algorithm.sty
Package: algorithm 2009/08/24 v0.1 Document Style `algorithm' - floating enviro
nment

(/usr/share/texlive/texmf-dist/tex/latex/base/ifthen.sty
Package: ifthen 2001/05/26 v1.1c Standard LaTeX ifthen package (DPC)
)
\@float@every@algorithm=\toks23
\c@algorithm=\count92
)
(/usr/share/texmf/tex/latex/algorithms/algorithmic.sty
Package: algorithmic 2009/08/24 v0.1 Document Style `algorithmic'
\c@ALC@unique=\count93
\c@ALC@line=\count94
\c@ALC@rem=\count95
\c@ALC@depth=\count96
\ALC@tlm=\skip45
\algorithmicindent=\skip46
)
(/usr/share/texmf/tex/latex/ntheorem/ntheorem.sty
Style `ntheorem', Version 1.33 <2011/08/15>
Package: ntheorem 2011/08/15 1.33
\theorem@style=\toks24
\theorem@@style=\toks25
\theorembodyfont=\toks26
\theoremnumbering=\toks27
\theorempreskipamount=\skip47
\theorempostskipamount=\skip48
\theoremframepreskipamount=\skip49
\theoremframepostskipamount=\skip50
\theoreminframepreskipamount=\skip51
\theoreminframepostskipamount=\skip52
\theorem@preskip=\toks28
\theorem@postskip=\toks29
\theorem@framepreskip=\toks30
\theorem@framepostskip=\toks31
\theorem@inframepreskip=\toks32
\theorem@inframepostskip=\toks33
\theoremindent=\dimen110
\theorem@indent=\dimen111
\theoremrightindent=\dimen112
\theorem@rightindent=\dimen113
\theoremheaderfont=\toks34
\theoremseparator=\toks35
\theoremprework=\toks36
\theorempostwork=\toks37
\theoremsymbol=\toks38
\qedsymbol=\toks39
\theoremkeyword=\toks40
\qedsymbol=\toks41
\thm@topsep=\skip53
\thm@topsepadd=\skip54
) (/usr/share/texlive/texmf-dist/tex/latex/tools/theorem.sty)
(/usr/share/texlive/texmf-dist/tex/latex/pdfpages/pdfpages.sty
Package: pdfpages 2013/08/25 v0.4v Insert pages of external PDF documents (AM)

(/usr/share/texlive/texmf-dist/tex/latex/tools/calc.sty
Package: calc 2007/08/22 v4.3 Infix arithmetic (KKT,FJ)
\calc@Acount=\count97
\calc@Bcount=\count98
\calc@Adimen=\dimen114
\calc@Bdimen=\dimen115
\calc@Askip=\skip55
\calc@Bskip=\skip56
LaTeX Info: Redefining \setlength on input line 76.
LaTeX Info: Redefining \addtolength on input line 77.
\calc@Ccount=\count99
\calc@Cskip=\skip57
)
(/usr/share/texlive/texmf-dist/tex/latex/eso-pic/eso-pic.sty
Package: eso-pic 2013/10/06 v2.0d eso-pic (RN)

(/usr/share/texlive/texmf-dist/tex/generic/oberdiek/atbegshi.sty
Package: atbegshi 2011/10/05 v1.16 At begin shipout hook (HO)

(/usr/share/texlive/texmf-dist/tex/generic/oberdiek/ifpdf.sty
Package: ifpdf 2011/01/30 v2.3 Provides the ifpdf switch (HO)
Package ifpdf Info: pdfTeX in PDF mode is detected.
))
(/usr/share/texmf/tex/latex/xcolor/xcolor.sty
Package: xcolor 2007/01/21 v2.11 LaTeX color extensions (UK)

(/usr/share/texlive/texmf-dist/tex/latex/latexconfig/color.cfg
File: color.cfg 2007/01/18 v1.5 color configuration of teTeX/TeXLive
)
Package xcolor Info: Driver file: pdftex.def on input line 225.
Package xcolor Info: Model `cmy' substituted by `cmy0' on input line 1337.
Package xcolor Info: Model `hsb' substituted by `rgb' on input line 1341.
Package xcolor Info: Model `RGB' extended on input line 1353.
Package xcolor Info: Model `HTML' substituted by `rgb' on input line 1355.
Package xcolor Info: Model `Hsb' substituted by `hsb' on input line 1356.
Package xcolor Info: Model `tHsb' substituted by `hsb' on input line 1357.
Package xcolor Info: Model `HSB' substituted by `hsb' on input line 1358.
Package xcolor Info: Model `Gray' substituted by `gray' on input line 1359.
Package xcolor Info: Model `wave' substituted by `hsb' on input line 1360.
))
(/usr/share/texlive/texmf-dist/tex/latex/pdfpages/pppdftex.def
File: pppdftex.def 2013/08/25 v0.4v Pdfpages driver for pdfTeX (AM)
)
\AM@pagebox=\box28
\AM@toc@title=\toks42
\c@AM@survey=\count100
\AM@templatesizebox=\box29
)
(/usr/share/texlive/texmf-dist/tex/latex/parskip/parskip.sty
Package: parskip 2001/04/09 non-zero parskip adjustments
)
(/usr/share/texlive/texmf-dist/tex/latex/url/url.sty
\Urlmuskip=\muskip10
Package: url 2013/09/16  ver 3.4  Verb mode for urls, etc.
)
(/usr/share/texlive/texmf-dist/tex/latex/base/makeidx.sty
Package: makeidx 2000/03/29 v1.0m Standard LaTeX package
)
(/usr/share/texlive/texmf-dist/tex/latex/tools/multicol.sty
Package: multicol 2011/06/27 v1.7a multicolumn formatting (FMi)
\c@tracingmulticols=\count101
\mult@box=\box30
\multicol@leftmargin=\dimen116
\c@unbalance=\count102
\c@collectmore=\count103
\doublecol@number=\count104
\multicoltolerance=\count105
\multicolpretolerance=\count106
\full@width=\dimen117
\page@free=\dimen118
\premulticols=\dimen119
\postmulticols=\dimen120
\multicolsep=\skip58
\multicolbaselineskip=\skip59
\partial@page=\box31
\last@line=\box32
\mult@rightbox=\box33
\mult@grightbox=\box34
\mult@gfirstbox=\box35
\mult@firstbox=\box36
\@tempa=\box37
\@tempa=\box38
\@tempa=\box39
\@tempa=\box40
\@tempa=\box41
\@tempa=\box42
\@tempa=\box43
\@tempa=\box44
\@tempa=\box45
\@tempa=\box46
\@tempa=\box47
\@tempa=\box48
\@tempa=\box49
\@tempa=\box50
\@tempa=\box51
\@tempa=\box52
\@tempa=\box53
\c@columnbadness=\count107
\c@finalcolumnbadness=\count108
\last@try=\dimen121
\multicolovershoot=\dimen122
\multicolundershoot=\dimen123
\mult@nat@firstbox=\box54
\colbreak@box=\box55
\multicol@sort@counter=\count109
)
(/usr/share/texlive/texmf-dist/tex/latex/natbib/natbib.sty
Package: natbib 2010/09/13 8.31b (PWD, AO)
\bibhang=\skip60
\bibsep=\skip61
LaTeX Info: Redefining \cite on input line 694.
\c@NAT@ctr=\count110
)
\@indexfile=\write3
\openout3 = `bachelor.idx'.


Writing index file bachelor.idx
(./bachelor.aux (./Sections/Titelblatt.aux) (./Sections/Introduction.aux)
(./Sections/Fundamentals.aux) (./Sections/Requirements.aux)
(./Sections/Design.aux) (./Sections/Implementation.aux)
(./Sections/Evaluation.aux) (./Sections/Conclusion.aux)
(./Sections/ExperimentelleValidierung.aux) (./Sections/Schlussbetrachtungen.aux
) (./Sections/Anhang_Mathematik.aux)
(./Sections/Anhang_FormatDerParameterdateien.aux)
(./Sections/Anhang_Quelltexte.aux) (./Sections/Anhang_Datenblaetter.aux)
(./Sections/Anhang_Glossar.aux) (./Sections/Literatur.aux))
\openout1 = `bachelor.aux'.

LaTeX Font Info:    Checking defaults for OML/cmm/m/it on input line 159.
LaTeX Font Info:    ... okay on input line 159.
LaTeX Font Info:    Checking defaults for T1/cmr/m/n on input line 159.
LaTeX Font Info:    ... okay on input line 159.
LaTeX Font Info:    Checking defaults for OT1/cmr/m/n on input line 159.
LaTeX Font Info:    ... okay on input line 159.
LaTeX Font Info:    Checking defaults for OMS/cmsy/m/n on input line 159.
LaTeX Font Info:    ... okay on input line 159.
LaTeX Font Info:    Checking defaults for OMX/cmex/m/n on input line 159.
LaTeX Font Info:    ... okay on input line 159.
LaTeX Font Info:    Checking defaults for U/cmr/m/n on input line 159.
LaTeX Font Info:    ... okay on input line 159.

(/usr/share/texlive/texmf-dist/tex/context/base/supp-pdf.mkii
[Loading MPS to PDF converter (version 2006.09.02).]
\scratchcounter=\count111
\scratchdimen=\dimen124
\scratchbox=\box56
\nofMPsegments=\count112
\nofMParguments=\count113
\everyMPshowfont=\toks43
\MPscratchCnt=\count114
\MPscratchDim=\dimen125
\MPnumerator=\count115
\makeMPintoPDFobject=\count116
\everyMPtoPDFconversion=\toks44
) (/usr/share/texlive/texmf-dist/tex/generic/oberdiek/pdftexcmds.sty
Package: pdftexcmds 2011/11/29 v0.20 Utility functions of pdfTeX for LuaTeX (HO
)

(/usr/share/texlive/texmf-dist/tex/generic/oberdiek/ifluatex.sty
Package: ifluatex 2010/03/01 v1.3 Provides the ifluatex switch (HO)
Package ifluatex Info: LuaTeX not detected.
)
Package pdftexcmds Info: LuaTeX not detected.
Package pdftexcmds Info: \pdf@primitive is available.
Package pdftexcmds Info: \pdf@ifprimitive is available.
Package pdftexcmds Info: \pdfdraftmode found.
)
(/usr/share/texlive/texmf-dist/tex/latex/oberdiek/epstopdf-base.sty
Package: epstopdf-base 2010/02/09 v2.5 Base part for package epstopdf

(/usr/share/texlive/texmf-dist/tex/latex/oberdiek/grfext.sty
Package: grfext 2010/08/19 v1.1 Manage graphics extensions (HO)

(/usr/share/texlive/texmf-dist/tex/generic/oberdiek/kvdefinekeys.sty
Package: kvdefinekeys 2011/04/07 v1.3 Define keys (HO)
))
(/usr/share/texlive/texmf-dist/tex/latex/oberdiek/kvoptions.sty
Package: kvoptions 2011/06/30 v3.11 Key value format for package options (HO)

(/usr/share/texlive/texmf-dist/tex/generic/oberdiek/kvsetkeys.sty
Package: kvsetkeys 2012/04/25 v1.16 Key value parser (HO)

(/usr/share/texlive/texmf-dist/tex/generic/oberdiek/etexcmds.sty
Package: etexcmds 2011/02/16 v1.5 Avoid name clashes with e-TeX commands (HO)
Package etexcmds Info: Could not find \expanded.
(etexcmds)             That can mean that you are not using pdfTeX 1.50 or
(etexcmds)             that some package has redefined \expanded.
(etexcmds)             In the latter case, load this package earlier.
)))
Package grfext Info: Graphics extension search list:
(grfext)             [.png,.pdf,.jpg,.mps,.jpeg,.jbig2,.jb2,.PNG,.PDF,.JPG,.JPE
G,.JBIG2,.JB2,.eps]
(grfext)             \AppendGraphicsExtensions on input line 452.

(/usr/share/texlive/texmf-dist/tex/latex/latexconfig/epstopdf-sys.cfg
File: epstopdf-sys.cfg 2010/07/13 v1.3 Configuration of (r)epstopdf for TeX Liv
e
))
\AtBeginShipoutBox=\box57
\openout2 = `Sections/Titelblatt.aux'.


(./Sections/Titelblatt.tex
LaTeX Font Info:    Try loading font information for U+msa on input line 5.

(/usr/share/texlive/texmf-dist/tex/latex/amsfonts/umsa.fd
File: umsa.fd 2013/01/14 v3.01 AMS symbols A
)
LaTeX Font Info:    Try loading font information for U+msb on input line 5.

(/usr/share/texlive/texmf-dist/tex/latex/amsfonts/umsb.fd
File: umsb.fd 2013/01/14 v3.01 AMS symbols B
)
<BilderAllgemein/unilogo.png, id=1, 259.97125pt x 69.25874pt>
File: BilderAllgemein/unilogo.png Graphic file (type png)

<use BilderAllgemein/unilogo.png>
Package pdftex.def Info: BilderAllgemein/unilogo.png used on input line 6.
(pdftex.def)             Requested size: 184.9429pt x 49.2702pt.
 [1{/var/lib/texmf/fonts/map/pdftex/updmap/pdftex.map}


 <./BilderAllgemein/unilogo.png>]
Underfull \hbox (badness 10000) in paragraph at lines 63--66

 []


Underfull \hbox (badness 10000) in paragraph at lines 67--68

 []


Underfull \hbox (badness 10000) in paragraph at lines 73--76

 []

[2]) (./bachelor.toc [3


])
\tf@toc=\write4
\openout4 = `bachelor.toc'.

 [4] (./bachelor.lof)
\tf@lof=\write5
\openout5 = `bachelor.lof'.

 [5


] [6

] (./bachelor.lot)
\tf@lot=\write6
\openout6 = `bachelor.lot'.


[7

] [8

] (./bachelor.loa)
\tf@loa=\write7
\openout7 = `bachelor.loa'.

 [9

] [10

]
\openout2 = `Sections/Introduction.aux'.

 (./Sections/Introduction.tex
Chapter 1.
[11


]
LaTeX Font Info:    Try loading font information for OMS+cmr on input line 23.
 (/usr/share/texlive/texmf-dist/tex/latex/base/omscmr.fd
File: omscmr.fd 1999/05/25 v2.5h Standard LaTeX font definitions
)
LaTeX Font Info:    Font shape `OMS/cmr/m/n' in size <10.95> not available
(Font)              Font shape `OMS/cmsy/m/n' tried instead on input line 23.

Underfull \hbox (badness 6300) in paragraph at lines 63--64
[]\OT1/cmr/m/n/10.95 Verbesserte F^^?ullung und Mo-tor-leis-tung ^^?uber einen 
weit-eren
 []


Underfull \hbox (badness 10000) in paragraph at lines 80--89

 []


Underfull \vbox (badness 1092) has occurred while \output is active []

 [12

]
[13] [14] <BilderKap1/Word-Tabelle-01.pdf, id=61, 438.11932pt x 110.7337pt>
File: BilderKap1/Word-Tabelle-01.pdf Graphic file (type pdf)

<use BilderKap1/Word-Tabelle-01.pdf>
Package pdftex.def Info: BilderKap1/Word-Tabelle-01.pdf used on input line 208.

(pdftex.def)             Requested size: 441.01772pt x 111.4718pt.
 [15

 <./BilderKap1/Word-Tabelle-01.pdf>]
<BilderKap1/Zeichenbeispiel-01.pdf, id=75, 434.70685pt x 170.4234pt>
File: BilderKap1/Zeichenbeispiel-01.pdf Graphic file (type pdf)

<use BilderKap1/Zeichenbeispiel-01.pdf>
Package pdftex.def Info: BilderKap1/Zeichenbeispiel-01.pdf used on input line 2
26.
(pdftex.def)             Requested size: 436.60995pt x 171.1745pt.

<BilderKap1/Zeichenbeispiel-02.pdf, id=76, 436.70804pt x 194.57292pt>
File: BilderKap1/Zeichenbeispiel-02.pdf Graphic file (type pdf)

<use BilderKap1/Zeichenbeispiel-02.pdf>
Package pdftex.def Info: BilderKap1/Zeichenbeispiel-02.pdf used on input line 2
37.
(pdftex.def)             Requested size: 436.60995pt x 194.5368pt.
 [16

 <./BilderKap1/Zeichenbeispiel-01.pdf> <./BilderKap1/Zeichenbeispiel-02.pdf>] (
./BilderKap1/gnuplot-01.tex
\plotpoint=\box58
)
(./BilderKap1/gnuplot-02.tex)
<BilderKap1/gnuplot-03.pdf, id=122, 643.04996pt x 404.54436pt>
File: BilderKap1/gnuplot-03.pdf Graphic file (type pdf)

<use BilderKap1/gnuplot-03.pdf>
Package pdftex.def Info: BilderKap1/gnuplot-03.pdf used on input line 276.
(pdftex.def)             Requested size: 396.91324pt x 249.7038pt.

Underfull \vbox (badness 5217) has occurred while \output is active []

 [17

]
[18 <./BilderKap1/gnuplot-03.pdf, page is rotated 90 degrees>]
Underfull \hbox (badness 10000) in paragraph at lines 298--302

 []

) [19

]
\openout2 = `Sections/Fundamentals.aux'.

 (./Sections/Fundamentals.tex [20



]
Chapter 2.
) [21]
\openout2 = `Sections/Requirements.aux'.

 (./Sections/Requirements.tex [22



]
Chapter 3.
) [23]
\openout2 = `Sections/Design.aux'.

 (./Sections/Design.tex [24



]
Chapter 4.
) [25]
\openout2 = `Sections/Implementation.aux'.

 (./Sections/Implementation.tex [26



]
Chapter 5.
) [27]
\openout2 = `Sections/Evaluation.aux'.

 (./Sections/Evaluation.tex [28



]
Chapter 6.
) [29]
\openout2 = `Sections/Conclusion.aux'.

 (./Sections/Conclusion.tex [30



]) [31] [32


]
\openout2 = `Sections/ExperimentelleValidierung.aux'.


No file Sections/ExperimentelleValidierung.tex.
\openout2 = `Sections/Schlussbetrachtungen.aux'.

No file Sections/Schlussbetrachtungen.tex.
\openout2 = `Sections/Anhang_Mathematik.aux'.

(./Sections/Anhang_Mathematik.tex
Appendix A.

Underfull \hbox (badness 10000) in paragraph at lines 24--25

 []

[33






]
Underfull \hbox (badness 10000) in paragraph at lines 73--75

 []


Underfull \hbox (badness 10000) in paragraph at lines 77--80

 []


Underfull \hbox (badness 10000) in paragraph at lines 82--86

 []


Underfull \hbox (badness 10000) in paragraph at lines 88--92

 []

[34]
Underfull \hbox (badness 10000) in paragraph at lines 94--96

 []


Underfull \hbox (badness 10000) in paragraph at lines 111--114

 []

[35] [36] [37]
Underfull \hbox (badness 10000) in paragraph at lines 362--365

 []

[38

]
LaTeX Font Info:    Font shape `OMS/cmr/m/n' in size <10> not available
(Font)              Font shape `OMS/cmsy/m/n' tried instead on input line 413.
 [39

]) [40

]
\openout2 = `Sections/Anhang_FormatDerParameterdateien.aux'.

 (./Sections/Anhang_FormatDerParameterdateien.tex
Appendix B.

Underfull \hbox (badness 10000) in paragraph at lines 9--19

 []


Underfull \hbox (badness 10000) in paragraph at lines 9--19

 []


Underfull \hbox (badness 10000) in paragraph at lines 20--21

 []


Underfull \hbox (badness 10000) in paragraph at lines 24--40

 []


Underfull \hbox (badness 10000) in paragraph at lines 24--40

 []

[41



]
Underfull \hbox (badness 10000) in paragraph at lines 42--45

 []


Underfull \hbox (badness 10000) in paragraph at lines 51--53

 []

) [42]
\openout2 = `Sections/Anhang_Quelltexte.aux'.

 (./Sections/Anhang_Quelltexte.tex
Appendix C.

Underfull \hbox (badness 10000) in paragraph at lines 17--21

 []

<BilderAnhangC/main_cpp.pdf, id=222, 845.0471pt x 597.50829pt>
File: BilderAnhangC/main_cpp.pdf Graphic file (type pdf)

<use BilderAnhangC/main_cpp.pdf>
Package pdftex.def Info: BilderAnhangC/main_cpp.pdf used on input line 44.
(pdftex.def)             Requested size: 845.04504pt x 597.50682pt.
File: BilderAnhangC/main_cpp.pdf Graphic file (type pdf)
 <use BilderAnhangC/main_cpp.pdf>
Package pdftex.def Info: BilderAnhangC/main_cpp.pdf used on input line 44.
(pdftex.def)             Requested size: 845.04504pt x 597.50682pt.
 [43



] [44]
<BilderAnhangC/main_cpp.pdf, id=232, page=1, 845.0471pt x 597.50829pt>
File: BilderAnhangC/main_cpp.pdf Graphic file (type pdf)

<use BilderAnhangC/main_cpp.pdf, page 1>
Package pdftex.def Info: BilderAnhangC/main_cpp.pdf, page1 used on input line 4
4.
(pdftex.def)             Requested size: 845.04504pt x 597.50682pt.
File: BilderAnhangC/main_cpp.pdf Graphic file (type pdf)

<use BilderAnhangC/main_cpp.pdf, page 1>
Package pdftex.def Info: BilderAnhangC/main_cpp.pdf, page1 used on input line 4
4.
(pdftex.def)             Requested size: 676.0386pt x 478.00728pt.
File: BilderAnhangC/main_cpp.pdf Graphic file (type pdf)

<use BilderAnhangC/main_cpp.pdf, page 1>
Package pdftex.def Info: BilderAnhangC/main_cpp.pdf, page1 used on input line 4
4.
(pdftex.def)             Requested size: 676.0386pt x 478.00728pt.
File: BilderAnhangC/main_cpp.pdf Graphic file (type pdf)

<use BilderAnhangC/main_cpp.pdf, page 1>
Package pdftex.def Info: BilderAnhangC/main_cpp.pdf, page1 used on input line 4
4.
(pdftex.def)             Requested size: 676.0386pt x 478.00728pt.
File: BilderAnhangC/main_cpp.pdf Graphic file (type pdf)

<use BilderAnhangC/main_cpp.pdf, page 1>
Package pdftex.def Info: BilderAnhangC/main_cpp.pdf, page1 used on input line 4
4.
(pdftex.def)             Requested size: 676.0386pt x 478.00728pt.
 [45 <./BilderAnhangC/main_cpp.pdf, page is rotated 90 degrees>]
<BilderAnhangC/main_cpp.pdf, id=272, page=2, 845.0471pt x 597.50829pt>
File: BilderAnhangC/main_cpp.pdf Graphic file (type pdf)

<use BilderAnhangC/main_cpp.pdf, page 2>
Package pdftex.def Info: BilderAnhangC/main_cpp.pdf, page2 used on input line 4
4.
(pdftex.def)             Requested size: 676.0386pt x 478.00728pt.
File: BilderAnhangC/main_cpp.pdf Graphic file (type pdf)

<use BilderAnhangC/main_cpp.pdf, page 2>
Package pdftex.def Info: BilderAnhangC/main_cpp.pdf, page2 used on input line 4
4.
(pdftex.def)             Requested size: 676.0386pt x 478.00728pt.
File: BilderAnhangC/main_cpp.pdf Graphic file (type pdf)

<use BilderAnhangC/main_cpp.pdf, page 2>
Package pdftex.def Info: BilderAnhangC/main_cpp.pdf, page2 used on input line 4
4.
(pdftex.def)             Requested size: 676.0386pt x 478.00728pt.
 [46 <./BilderAnhangC/main_cpp.pdf, page is rotated 90 degrees>]
<BilderAnhangC/main_cpp.pdf, id=280, page=3, 845.0471pt x 597.50829pt>
File: BilderAnhangC/main_cpp.pdf Graphic file (type pdf)

<use BilderAnhangC/main_cpp.pdf, page 3>
Package pdftex.def Info: BilderAnhangC/main_cpp.pdf, page3 used on input line 4
4.
(pdftex.def)             Requested size: 676.0386pt x 478.00728pt.
File: BilderAnhangC/main_cpp.pdf Graphic file (type pdf)

<use BilderAnhangC/main_cpp.pdf, page 3>
Package pdftex.def Info: BilderAnhangC/main_cpp.pdf, page3 used on input line 4
4.
(pdftex.def)             Requested size: 676.0386pt x 478.00728pt.
File: BilderAnhangC/main_cpp.pdf Graphic file (type pdf)

<use BilderAnhangC/main_cpp.pdf, page 3>
Package pdftex.def Info: BilderAnhangC/main_cpp.pdf, page3 used on input line 4
4.
(pdftex.def)             Requested size: 676.0386pt x 478.00728pt.
 [47 <./BilderAnhangC/main_cpp.pdf, page is rotated 90 degrees>])
\openout2 = `Sections/Anhang_Datenblaetter.aux'.

 (./Sections/Anhang_Datenblaetter.tex [48



]
Appendix D.

<BilderAnhangD/Seiten_aus_ads_e50_10_de.pdf, id=291, 597.45204pt x 845.1575pt>
File: BilderAnhangD/Seiten_aus_ads_e50_10_de.pdf Graphic file (type pdf)

<use BilderAnhangD/Seiten_aus_ads_e50_10_de.pdf>
Package pdftex.def Info: BilderAnhangD/Seiten_aus_ads_e50_10_de.pdf used on inp
ut line 26.
(pdftex.def)             Requested size: 597.45058pt x 845.15544pt.
File: BilderAnhangD/Seiten_aus_ads_e50_10_de.pdf Graphic file (type pdf)

<use BilderAnhangD/Seiten_aus_ads_e50_10_de.pdf>
Package pdftex.def Info: BilderAnhangD/Seiten_aus_ads_e50_10_de.pdf used on inp
ut line 26.
(pdftex.def)             Requested size: 597.45058pt x 845.15544pt.
 [49]
<BilderAnhangD/Seiten_aus_ads_e50_10_de.pdf, id=298, page=1, 597.45204pt x 845.
1575pt>
File: BilderAnhangD/Seiten_aus_ads_e50_10_de.pdf Graphic file (type pdf)
 <use BilderAnhangD/Seiten_aus_ads_e50_10_de.pdf, page 1>
Package pdftex.def Info: BilderAnhangD/Seiten_aus_ads_e50_10_de.pdf, page1 used
 on input line 26.
(pdftex.def)             Requested size: 597.45058pt x 845.15544pt.
File: BilderAnhangD/Seiten_aus_ads_e50_10_de.pdf Graphic file (type pdf)

<use BilderAnhangD/Seiten_aus_ads_e50_10_de.pdf, page 1>
Package pdftex.def Info: BilderAnhangD/Seiten_aus_ads_e50_10_de.pdf, page1 used
 on input line 26.
(pdftex.def)             Requested size: 477.96228pt x 676.12692pt.
File: BilderAnhangD/Seiten_aus_ads_e50_10_de.pdf Graphic file (type pdf)

<use BilderAnhangD/Seiten_aus_ads_e50_10_de.pdf, page 1>
Package pdftex.def Info: BilderAnhangD/Seiten_aus_ads_e50_10_de.pdf, page1 used
 on input line 26.
(pdftex.def)             Requested size: 477.96228pt x 676.12692pt.
File: BilderAnhangD/Seiten_aus_ads_e50_10_de.pdf Graphic file (type pdf)

<use BilderAnhangD/Seiten_aus_ads_e50_10_de.pdf, page 1>
Package pdftex.def Info: BilderAnhangD/Seiten_aus_ads_e50_10_de.pdf, page1 used
 on input line 26.
(pdftex.def)             Requested size: 477.96228pt x 676.12692pt.
File: BilderAnhangD/Seiten_aus_ads_e50_10_de.pdf Graphic file (type pdf)

<use BilderAnhangD/Seiten_aus_ads_e50_10_de.pdf, page 1>
Package pdftex.def Info: BilderAnhangD/Seiten_aus_ads_e50_10_de.pdf, page1 used
 on input line 26.
(pdftex.def)             Requested size: 477.96228pt x 676.12692pt.
 [50 <./BilderAnhangD/Seiten_aus_ads_e50_10_de.pdf>])
\openout2 = `Sections/Anhang_Glossar.aux'.

 (./Sections/Anhang_Glossar.tex
Appendix E.

Underfull \hbox (badness 4713) in paragraph at lines 23--24
[]\OT1/cmr/m/n/10.95 Der Be-griff der Ak-tiven Muster-pro-jek-tion kennze-ich-n
et
 []


Underfull \hbox (badness 2103) in paragraph at lines 27--28
\OT1/cmr/m/n/10.95 sweise eines Ob-jek-tivs, ist ein Ma^^Y f^^?ur seine Lichtst
^^?arke bzw. sein Auf"-
 []


Underfull \vbox (badness 4505) has occurred while \output is active []

 [51



]
[52]
Underfull \vbox (badness 1137) has occurred while \output is active []

 [53]
Underfull \hbox (badness 6332) in paragraph at lines 87--88
[]\OT1/cmr/m/n/10.95 Ein Prob-lem bei der Vi-su-al-isierung von 3D-Oberfl^^?ach
en-daten ist die
 []

[54] <BilderAnhangE/Triangulation2d.jpg, id=345, 320.69058pt x 270.49973pt>
File: BilderAnhangE/Triangulation2d.jpg Graphic file (type jpg)

<use BilderAnhangE/Triangulation2d.jpg>
Package pdftex.def Info: BilderAnhangE/Triangulation2d.jpg used on input line 1
04.
(pdftex.def)             Requested size: 176.38036pt x 148.7753pt.
) [55 <./BilderAnhangE/Triangulation2d.jpg>] [56


]
\openout2 = `Sections/Literatur.aux'.

 (./Sections/Literatur.tex
Underfull \vbox (badness 10000) has occurred while \output is active []

 [57


]
Underfull \hbox (badness 2035) in paragraph at lines 52--53
[]\OT1/cmr/m/n/10.95 Fa. Troll-tech Inc., Pro-duk-t-in-for-ma-tio-nen und Down-
load zur Software-
 []


Underfull \hbox (badness 10000) in paragraph at lines 56--57
[]\OT1/cmr/m/n/10.95 Firma Vi-sion Com-po-nents in 76275 Et-tlin-gen, Online-Pr
odukt^^?ubersicht,
 []

) [58] (./bachelor.bbl
Underfull \hbox (badness 3039) in paragraph at lines 4--9
[]\OT1/cmr/m/n/10.95 ActiveStateInc.  Ac-tive Perl, freier Perl-Interpreter f^^
?ur Win-
 []


Underfull \vbox (badness 10000) has occurred while \output is active []

 [59



]
Underfull \hbox (badness 3428) in paragraph at lines 137--144
[]\OT1/cmr/m/n/10.95 DFG.  Empfehlun-gen der Kom-mis-sion zur Selb-stkon-trolle
 in der Wis-
 []


Underfull \hbox (badness 3471) in paragraph at lines 137--144
\OT1/cmr/m/n/10.95 senschaft -- Vorschl^^?age zur Sicherung guter wis-senschaft
licher Praxis.  Online-
 []


Underfull \hbox (badness 3312) in paragraph at lines 137--144
\OT1/cmr/m/n/10.95 Quelle.  $\OT1/cmtt/m/n/10.95 http : / / www . dfg . de / ak
tuelles _ presse / reden _ stellungnahmen / download /
 []


Underfull \vbox (badness 10000) has occurred while \output is active []

 [60]
Underfull \vbox (badness 10000) has occurred while \output is active []

 [61]
Underfull \hbox (badness 7740) in paragraph at lines 323--329
[]\OT1/cmr/m/n/10.95 M. Neubauer.  Fein-heiten bei wis-senschaftlichen Pub-lika
-tio-nen --
 []


Underfull \hbox (badness 7740) in paragraph at lines 331--337
[]\OT1/cmr/m/n/10.95 M. Neubauer.  Fein-heiten bei wis-senschaftlichen Pub-lika
-tio-nen --
 []


Underfull \vbox (badness 10000) has occurred while \output is active []

 [62]
Underfull \hbox (badness 2608) in paragraph at lines 422--427
[]\OT1/cmr/m/n/10.95 Springer-Verlag.  Hin-weise zur Manuskripter-stel-lung und
 Vor-la-
 []


Underfull \hbox (badness 1048) in paragraph at lines 422--427
\OT1/cmr/m/n/10.95 gen.  Online-Quelle.  $\OT1/cmtt/m/n/10.95 http : / / www . 
springer . com / dal / home / authors / book + authors$\OT1/cmr/m/n/10.95 ,
 []


Underfull \hbox (badness 1072) in paragraph at lines 447--451
\OT1/cmr/m/n/10.95 (V4.2.2).  Online-Quelle.  $\OT1/cmtt/m/n/10.95 http : / / w
ww . omnigroup . com / applications / omnigraffle$\OT1/cmr/m/n/10.95 ,
 []

) [63] [64

]
No file bachelor.ind.
<BilderAllgemein/leer.jpg, id=380, 120.45pt x 120.45pt>
File: BilderAllgemein/leer.jpg Graphic file (type jpg)

<use BilderAllgemein/leer.jpg>
Package pdftex.def Info: BilderAllgemein/leer.jpg used on input line 270.
(pdftex.def)             Requested size: 396.91324pt x 396.95319pt.
\tf@thm=\write8
\openout8 = `bachelor.thm'.

 [65 <./BilderAllgemein/leer.jpg>]
(./bachelor.aux (./Sections/Titelblatt.aux) (./Sections/Introduction.aux)
(./Sections/Fundamentals.aux) (./Sections/Requirements.aux)
(./Sections/Design.aux) (./Sections/Implementation.aux)
(./Sections/Evaluation.aux) (./Sections/Conclusion.aux)
(./Sections/ExperimentelleValidierung.aux) (./Sections/Schlussbetrachtungen.aux
) (./Sections/Anhang_Mathematik.aux)
(./Sections/Anhang_FormatDerParameterdateien.aux)
(./Sections/Anhang_Quelltexte.aux) (./Sections/Anhang_Datenblaetter.aux)
(./Sections/Anhang_Glossar.aux) (./Sections/Literatur.aux)) ) 
Here is how much of TeX's memory you used:
 5424 strings out of 495028
 77597 string characters out of 6181497
 286860 words of memory out of 5000000
 8326 multiletter control sequences out of 15000+600000
 22846 words of font info for 85 fonts, out of 8000000 for 9000
 30 hyphenation exceptions out of 8191
 45i,19n,51p,780b,683s stack positions out of 5000i,500n,10000p,200000b,80000s
</usr/share/texliv
e/texmf-dist/fonts/type1/public/amsfonts/cm/cmbx10.pfb></usr/share/texlive/texm
f-dist/fonts/type1/public/amsfonts/cm/cmbx12.pfb></usr/share/texlive/texmf-dist
/fonts/type1/public/amsfonts/cm/cmbx8.pfb></usr/share/texlive/texmf-dist/fonts/
type1/public/amsfonts/cm/cmbx9.pfb></usr/share/texlive/texmf-dist/fonts/type1/p
ublic/amsfonts/cm/cmbxti10.pfb></usr/share/texlive/texmf-dist/fonts/type1/publi
c/amsfonts/cm/cmcsc10.pfb></usr/share/texlive/texmf-dist/fonts/type1/public/ams
fonts/cm/cmex10.pfb></usr/share/texlive/texmf-dist/fonts/type1/public/amsfonts/
cmextra/cmex8.pfb></usr/share/texlive/texmf-dist/fonts/type1/public/amsfonts/cm
/cmmi10.pfb></usr/share/texlive/texmf-dist/fonts/type1/public/amsfonts/cm/cmmi6
.pfb></usr/share/texlive/texmf-dist/fonts/type1/public/amsfonts/cm/cmmi7.pfb></
usr/share/texlive/texmf-dist/fonts/type1/public/amsfonts/cm/cmmi8.pfb></usr/sha
re/texlive/texmf-dist/fonts/type1/public/amsfonts/cm/cmmi9.pfb></usr/share/texl
ive/texmf-dist/fonts/type1/public/amsfonts/cm/cmmib10.pfb></usr/share/texlive/t
exmf-dist/fonts/type1/public/amsfonts/cmextra/cmmib8.pfb></usr/share/texlive/te
xmf-dist/fonts/type1/public/amsfonts/cm/cmr10.pfb></usr/share/texlive/texmf-dis
t/fonts/type1/public/amsfonts/cm/cmr12.pfb></usr/share/texlive/texmf-dist/fonts
/type1/public/amsfonts/cm/cmr17.pfb></usr/share/texlive/texmf-dist/fonts/type1/
public/amsfonts/cm/cmr6.pfb></usr/share/texlive/texmf-dist/fonts/type1/public/a
msfonts/cm/cmr7.pfb></usr/share/texlive/texmf-dist/fonts/type1/public/amsfonts/
cm/cmr8.pfb></usr/share/texlive/texmf-dist/fonts/type1/public/amsfonts/cm/cmr9.
pfb></usr/share/texlive/texmf-dist/fonts/type1/public/amsfonts/cm/cmsy10.pfb></
usr/share/texlive/texmf-dist/fonts/type1/public/amsfonts/cm/cmsy6.pfb></usr/sha
re/texlive/texmf-dist/fonts/type1/public/amsfonts/cm/cmsy7.pfb></usr/share/texl
ive/texmf-dist/fonts/type1/public/amsfonts/cm/cmsy8.pfb></usr/share/texlive/tex
mf-dist/fonts/type1/public/amsfonts/cm/cmti10.pfb></usr/share/texlive/texmf-dis
t/fonts/type1/public/amsfonts/cm/cmtt10.pfb></usr/share/texlive/texmf-dist/font
s/type1/public/amsfonts/cm/cmtt12.pfb></usr/share/texlive/texmf-dist/fonts/type
1/public/amsfonts/cm/cmu10.pfb></usr/share/texlive/texmf-dist/fonts/type1/publi
c/amsfonts/symbols/msbm10.pfb>
Output written on bachelor.pdf (65 pages, 1802923 bytes).
PDF statistics:
 483 PDF objects out of 1000 (max. 8388607)
 311 compressed objects within 4 object streams
 0 named destinations out of 1000 (max. 500000)
 182 words of extra memory for PDF output out of 10000 (max. 10000000)

